#
# There is insufficient memory for the Java Runtime Environment to continue.
# Native memory allocation (malloc) failed to allocate 1847936 bytes for Chunk::new
# Possible reasons:
#   The system is out of physical RAM or swap space
#   The process is running with CompressedOops enabled, and the Java Heap may be blocking the growth of the native heap
# Possible solutions:
#   Reduce memory load on the system
#   Increase physical memory or swap space
#   Check if swap backing store is full
#   Decrease Java heap size (-Xmx/-Xms)
#   Decrease number of Java threads
#   Decrease Java thread stack sizes (-Xss)
#   Set larger code cache with -XX:ReservedCodeCacheSize=
#   JVM is running with Unscaled Compressed Oops mode in which the Java heap is
#     placed in the first 4GB address space. The Java Heap base address is the
#     maximum limit for the native heap growth. Please use -XX:HeapBaseMinAddress
#     to set the Java Heap base and to place the Java Heap above 4GB virtual address.
# This output file may be truncated or incomplete.
#
#  Out of Memory Error (arena.cpp:189), pid=28280, tid=13740
#
# JRE version: Java(TM) SE Runtime Environment (17.0.12+8) (build 17.0.12+8-LTS-286)
# Java VM: Java HotSpot(TM) 64-Bit Server VM (17.0.12+8-LTS-286, mixed mode, sharing, tiered, compressed oops, compressed class ptrs, g1 gc, windows-amd64)
# No core dump will be written. Minidumps are not enabled by default on client versions of Windows
#

---------------  S U M M A R Y ------------

Command Line: jenkins.maven3.agent.Maven35Main C:\Program Files\apache-maven-3.9.9 C:\ProgramData\Jenkins\war\WEB-INF\lib\remoting-3261.v9c670a_4748a_9.jar C:\ProgramData\Jenkins\.jenkins\plugins\maven-plugin\WEB-INF\lib\maven35-interceptor-1.14.jar C:\ProgramData\Jenkins\.jenkins\plugins\maven-plugin\WEB-INF\lib\maven3-interceptor-commons-1.14.jar 60167

Host: 11th Gen Intel(R) Core(TM) i3-1115G4 @ 3.00GHz, 4 cores, 3G,  Windows 11 , 64 bit Build 22621 (10.0.22621.4391)
Time: Thu Nov 28 17:48:22 2024 Pacific Standard Time elapsed time: 126.154496 seconds (0d 0h 2m 6s)

---------------  T H R E A D  ---------------

Current thread (0x000001f022276120):  JavaThread "C2 CompilerThread0" daemon [_thread_in_native, id=13740, stack(0x000000c982d00000,0x000000c982e00000)]


Current CompileTask:
C2: 126155 10404  s!   4       jdk.internal.loader.URLClassPath::getLoader (194 bytes)

Stack: [0x000000c982d00000,0x000000c982e00000]
Native frames: (J=compiled Java code, j=interpreted, Vv=VM code, C=native code)
V  [jvm.dll+0x67a04a]
V  [jvm.dll+0x7da4ed]
V  [jvm.dll+0x7dbe33]
V  [jvm.dll+0x7dc4a3]
V  [jvm.dll+0x24508f]
V  [jvm.dll+0xab773]
V  [jvm.dll+0xabd3c]
V  [jvm.dll+0x2aa52f]
V  [jvm.dll+0x581eb9]
V  [jvm.dll+0x21f422]
V  [jvm.dll+0x21837b]
V  [jvm.dll+0x215b65]
V  [jvm.dll+0x1a2960]
V  [jvm.dll+0x22610b]
V  [jvm.dll+0x2242ab]
V  [jvm.dll+0x79075c]
V  [jvm.dll+0x78abea]
V  [jvm.dll+0x678f35]
C  [ucrtbase.dll+0x29333]
C  [KERNEL32.DLL+0x1259d]
C  [ntdll.dll+0x5af38]


---------------  P R O C E S S  ---------------

Threads class SMR info:
_java_thread_list=0x000001f068a9f190, length=19, elements={
0x000001f0063ba7b0, 0x000001f0071cd910, 0x000001f0071ce4d0, 0x000001f02226f520,
0x000001f022274000, 0x000001f0222749c0, 0x000001f022275380, 0x000001f022276120,
0x000001f02227abf0, 0x000001f0222f3a10, 0x000001f0224adb40, 0x000001f0224b02c0,
0x000001f0225d39d0, 0x000001f0225d43f0, 0x000001f06800b2b0, 0x000001f0681f2660,
0x000001f0681d3ed0, 0x000001f0681d2070, 0x000001f0685b4d20
}

Java Threads: ( => current thread )
  0x000001f0063ba7b0 JavaThread "main" [_thread_blocked, id=6676, stack(0x000000c982000000,0x000000c982100000)]
  0x000001f0071cd910 JavaThread "Reference Handler" daemon [_thread_blocked, id=16988, stack(0x000000c982700000,0x000000c982800000)]
  0x000001f0071ce4d0 JavaThread "Finalizer" daemon [_thread_blocked, id=24708, stack(0x000000c982800000,0x000000c982900000)]
  0x000001f02226f520 JavaThread "Signal Dispatcher" daemon [_thread_blocked, id=5460, stack(0x000000c982900000,0x000000c982a00000)]
  0x000001f022274000 JavaThread "Attach Listener" daemon [_thread_blocked, id=3456, stack(0x000000c982a00000,0x000000c982b00000)]
  0x000001f0222749c0 JavaThread "Service Thread" daemon [_thread_blocked, id=14736, stack(0x000000c982b00000,0x000000c982c00000)]
  0x000001f022275380 JavaThread "Monitor Deflation Thread" daemon [_thread_blocked, id=26424, stack(0x000000c982c00000,0x000000c982d00000)]
=>0x000001f022276120 JavaThread "C2 CompilerThread0" daemon [_thread_in_native, id=13740, stack(0x000000c982d00000,0x000000c982e00000)]
  0x000001f02227abf0 JavaThread "C1 CompilerThread0" daemon [_thread_in_native, id=10732, stack(0x000000c982e00000,0x000000c982f00000)]
  0x000001f0222f3a10 JavaThread "Sweeper thread" daemon [_thread_blocked, id=20724, stack(0x000000c982f00000,0x000000c983000000)]
  0x000001f0224adb40 JavaThread "Notification Thread" daemon [_thread_blocked, id=25832, stack(0x000000c983000000,0x000000c983100000)]
  0x000001f0224b02c0 JavaThread "Common-Cleaner" daemon [_thread_blocked, id=11228, stack(0x000000c983200000,0x000000c983300000)]
  0x000001f0225d39d0 JavaThread "RemoteInvocationHandler [#1]" daemon [_thread_blocked, id=27704, stack(0x000000c983300000,0x000000c983400000)]
  0x000001f0225d43f0 JavaThread "Channel reader thread: channel" [_thread_in_vm, id=30348, stack(0x000000c983400000,0x000000c983500000)]
  0x000001f06800b2b0 JavaThread "pool-1-thread-2 for channel id=4 / waiting for channel id=192" [_thread_blocked, id=19036, stack(0x000000c983600000,0x000000c983700000)]
  0x000001f0681f2660 JavaThread "pool-1-thread-4" [_thread_blocked, id=26312, stack(0x000000c983800000,0x000000c983900000)]
  0x000001f0681d3ed0 JavaThread "JarCacheSupport [#1] / waiting for channel id=189" daemon [_thread_blocked, id=15968, stack(0x000000c981f00000,0x000000c982000000)]
  0x000001f0681d2070 JavaThread "pool-1-thread-5" [_thread_blocked, id=23848, stack(0x000000c983500000,0x000000c983600000)]
  0x000001f0685b4d20 JavaThread "pool-1-thread-6" [_thread_blocked, id=8784, stack(0x000000c983700000,0x000000c983800000)]

Other Threads:
  0x000001f0071c6f40 VMThread "VM Thread" [stack: 0x000000c982600000,0x000000c982700000] [id=19972]
  0x000001f0224b0030 WatcherThread [stack: 0x000000c983100000,0x000000c983200000] [id=19000]
  0x000001f007147870 GCTaskThread "GC Thread#0" [stack: 0x000000c982100000,0x000000c982200000] [id=28804]
  0x000001f022848e60 GCTaskThread "GC Thread#1" [stack: 0x000000c983900000,0x000000c983a00000] [id=30104]
  0x000001f022849120 GCTaskThread "GC Thread#2" [stack: 0x000000c983a00000,0x000000c983b00000] [id=22668]
  0x000001f0228493e0 GCTaskThread "GC Thread#3" [stack: 0x000000c983b00000,0x000000c983c00000] [id=18896]
  0x000001f007150180 ConcurrentGCThread "G1 Main Marker" [stack: 0x000000c982200000,0x000000c982300000] [id=27976]
  0x000001f007150b90 ConcurrentGCThread "G1 Conc#0" [stack: 0x000000c982300000,0x000000c982400000] [id=4376]
  0x000001f007191420 ConcurrentGCThread "G1 Refine#0" [stack: 0x000000c982400000,0x000000c982500000] [id=29368]
  0x000001f0228496a0 ConcurrentGCThread "G1 Refine#1" [stack: 0x000000c983c00000,0x000000c983d00000] [id=2964]
  0x000001f0697c7f90 ConcurrentGCThread "G1 Refine#2" [stack: 0x000000c981d00000,0x000000c981e00000] [id=30264]
  0x000001f0697c6df0 ConcurrentGCThread "G1 Refine#3" [stack: 0x000000c981e00000,0x000000c981f00000] [id=7016]
  0x000001f007191e50 ConcurrentGCThread "G1 Service" [stack: 0x000000c982500000,0x000000c982600000] [id=29292]

Threads with active compile tasks:
C2 CompilerThread0   126196 10404  s!   4       jdk.internal.loader.URLClassPath::getLoader (194 bytes)
C1 CompilerThread0   126196 10447   !   3       java.util.concurrent.SynchronousQueue$TransferStack::transfer (541 bytes)

VM state: not at safepoint (normal execution)

VM Mutex/Monitor currently owned by a thread: None

Heap address: 0x00000000c3200000, size: 974 MB, Compressed Oops mode: 32-bit

CDS archive(s) mapped at: [0x000001f023000000-0x000001f023bd0000-0x000001f023bd0000), size 12386304, SharedBaseAddress: 0x000001f023000000, ArchiveRelocationMode: 1.
Compressed class space mapped at: 0x000001f024000000-0x000001f064000000, reserved size: 1073741824
Narrow klass base: 0x000001f023000000, Narrow klass shift: 0, Narrow klass range: 0x100000000

GC Precious Log:
 CPUs: 4 total, 4 available
 Memory: 3895M
 Large Page Support: Disabled
 NUMA Support: Disabled
 Compressed Oops: Enabled (32-bit)
 Heap Region Size: 1M
 Heap Min Capacity: 8M
 Heap Initial Capacity: 62M
 Heap Max Capacity: 974M
 Pre-touch: Disabled
 Parallel Workers: 4
 Concurrent Workers: 1
 Concurrent Refinement Workers: 4
 Periodic GC: Disabled

Heap:
 garbage-first heap   total 167936K, used 90677K [0x00000000c3200000, 0x0000000100000000)
  region size 1024K, 16 young (16384K), 2 survivors (2048K)
 Metaspace       used 45286K, committed 45888K, reserved 1114112K
  class space    used 4988K, committed 5248K, reserved 1048576K

Heap Regions: E=young(eden), S=young(survivor), O=old, HS=humongous(starts), HC=humongous(continues), CS=collection set, F=free, OA=open archive, CA=closed archive, TAMS=top-at-mark-start (previous, next)
|   0|0x00000000c3200000, 0x00000000c3300000, 0x00000000c3300000|100%|HS|  |TAMS 0x00000000c3300000, 0x00000000c3200000| Complete 
|   1|0x00000000c3300000, 0x00000000c3400000, 0x00000000c3400000|100%|HC|  |TAMS 0x00000000c3400000, 0x00000000c3300000| Complete 
|   2|0x00000000c3400000, 0x00000000c3500000, 0x00000000c3500000|100%|HS|  |TAMS 0x00000000c3500000, 0x00000000c3400000| Complete 
|   3|0x00000000c3500000, 0x00000000c3600000, 0x00000000c3600000|100%|HC|  |TAMS 0x00000000c3600000, 0x00000000c3500000| Complete 
|   4|0x00000000c3600000, 0x00000000c3700000, 0x00000000c3700000|100%| O|  |TAMS 0x00000000c3700000, 0x00000000c3600000| Untracked 
|   5|0x00000000c3700000, 0x00000000c3800000, 0x00000000c3800000|100%| O|  |TAMS 0x00000000c3800000, 0x00000000c3700000| Untracked 
|   6|0x00000000c3800000, 0x00000000c3900000, 0x00000000c3900000|100%| O|  |TAMS 0x00000000c3900000, 0x00000000c3800000| Untracked 
|   7|0x00000000c3900000, 0x00000000c3a00000, 0x00000000c3a00000|100%| O|  |TAMS 0x00000000c3a00000, 0x00000000c3900000| Untracked 
|   8|0x00000000c3a00000, 0x00000000c3b00000, 0x00000000c3b00000|100%| O|  |TAMS 0x00000000c3b00000, 0x00000000c3a00000| Untracked 
|   9|0x00000000c3b00000, 0x00000000c3c00000, 0x00000000c3c00000|100%| O|  |TAMS 0x00000000c3c00000, 0x00000000c3b00000| Untracked 
|  10|0x00000000c3c00000, 0x00000000c3d00000, 0x00000000c3d00000|100%| O|  |TAMS 0x00000000c3d00000, 0x00000000c3c00000| Untracked 
|  11|0x00000000c3d00000, 0x00000000c3e00000, 0x00000000c3e00000|100%| O|  |TAMS 0x00000000c3e00000, 0x00000000c3d00000| Untracked 
|  12|0x00000000c3e00000, 0x00000000c3f00000, 0x00000000c3f00000|100%| O|  |TAMS 0x00000000c3f00000, 0x00000000c3e00000| Untracked 
|  13|0x00000000c3f00000, 0x00000000c4000000, 0x00000000c4000000|100%| O|  |TAMS 0x00000000c4000000, 0x00000000c3f00000| Untracked 
|  14|0x00000000c4000000, 0x00000000c4100000, 0x00000000c4100000|100%| O|  |TAMS 0x00000000c4000000, 0x00000000c4000000| Untracked 
|  15|0x00000000c4100000, 0x00000000c4200000, 0x00000000c4200000|100%| O|  |TAMS 0x00000000c4200000, 0x00000000c4100000| Untracked 
|  16|0x00000000c4200000, 0x00000000c4300000, 0x00000000c4300000|100%| O|  |TAMS 0x00000000c4300000, 0x00000000c4200000| Untracked 
|  17|0x00000000c4300000, 0x00000000c4400000, 0x00000000c4400000|100%| O|  |TAMS 0x00000000c4400000, 0x00000000c4300000| Untracked 
|  18|0x00000000c4400000, 0x00000000c4500000, 0x00000000c4500000|100%| O|  |TAMS 0x00000000c4500000, 0x00000000c4400000| Untracked 
|  19|0x00000000c4500000, 0x00000000c4600000, 0x00000000c4600000|100%| O|  |TAMS 0x00000000c4600000, 0x00000000c4500000| Untracked 
|  20|0x00000000c4600000, 0x00000000c4700000, 0x00000000c4700000|100%| O|  |TAMS 0x00000000c4700000, 0x00000000c4600000| Untracked 
|  21|0x00000000c4700000, 0x00000000c4800000, 0x00000000c4800000|100%| O|  |TAMS 0x00000000c4800000, 0x00000000c4700000| Untracked 
|  22|0x00000000c4800000, 0x00000000c4900000, 0x00000000c4900000|100%| O|  |TAMS 0x00000000c4900000, 0x00000000c4800000| Untracked 
|  23|0x00000000c4900000, 0x00000000c4a00000, 0x00000000c4a00000|100%| O|  |TAMS 0x00000000c4a00000, 0x00000000c4900000| Untracked 
|  24|0x00000000c4a00000, 0x00000000c4b00000, 0x00000000c4b00000|100%| O|  |TAMS 0x00000000c4b00000, 0x00000000c4a00000| Untracked 
|  25|0x00000000c4b00000, 0x00000000c4c00000, 0x00000000c4c00000|100%| O|  |TAMS 0x00000000c4c00000, 0x00000000c4b00000| Untracked 
|  26|0x00000000c4c00000, 0x00000000c4d00000, 0x00000000c4d00000|100%| O|  |TAMS 0x00000000c4d00000, 0x00000000c4c00000| Complete 
|  27|0x00000000c4d00000, 0x00000000c4e00000, 0x00000000c4e00000|100%| O|  |TAMS 0x00000000c4e00000, 0x00000000c4d00000| Complete 
|  28|0x00000000c4e00000, 0x00000000c4f00000, 0x00000000c4f00000|100%| O|  |TAMS 0x00000000c4f00000, 0x00000000c4e00000| Complete 
|  29|0x00000000c4f00000, 0x00000000c5000000, 0x00000000c5000000|100%| O|  |TAMS 0x00000000c5000000, 0x00000000c4f00000| Untracked 
|  30|0x00000000c5000000, 0x00000000c5100000, 0x00000000c5100000|100%|HS|  |TAMS 0x00000000c5100000, 0x00000000c5000000| Complete 
|  31|0x00000000c5100000, 0x00000000c5200000, 0x00000000c5200000|100%| O|  |TAMS 0x00000000c5200000, 0x00000000c5100000| Complete 
|  32|0x00000000c5200000, 0x00000000c5300000, 0x00000000c5300000|100%| O|  |TAMS 0x00000000c5300000, 0x00000000c5200000| Complete 
|  33|0x00000000c5300000, 0x00000000c5400000, 0x00000000c5400000|100%| O|  |TAMS 0x00000000c5400000, 0x00000000c5300000| Complete 
|  34|0x00000000c5400000, 0x00000000c5500000, 0x00000000c5500000|100%| O|  |TAMS 0x00000000c5500000, 0x00000000c5400000| Untracked 
|  35|0x00000000c5500000, 0x00000000c5600000, 0x00000000c5600000|100%| O|  |TAMS 0x00000000c5600000, 0x00000000c5500000| Complete 
|  36|0x00000000c5600000, 0x00000000c5700000, 0x00000000c5700000|100%| O|  |TAMS 0x00000000c5700000, 0x00000000c5600000| Untracked 
|  37|0x00000000c5700000, 0x00000000c5800000, 0x00000000c5800000|100%| O|  |TAMS 0x00000000c5800000, 0x00000000c5700000| Untracked 
|  38|0x00000000c5800000, 0x00000000c5900000, 0x00000000c5900000|100%| O|  |TAMS 0x00000000c5900000, 0x00000000c5800000| Complete 
|  39|0x00000000c5900000, 0x00000000c59eac00, 0x00000000c5a00000| 91%| O|  |TAMS 0x00000000c59eac00, 0x00000000c5900000| Untracked 
|  40|0x00000000c5a00000, 0x00000000c5b00000, 0x00000000c5b00000|100%| O|  |TAMS 0x00000000c5b00000, 0x00000000c5a00000| Complete 
|  41|0x00000000c5b00000, 0x00000000c5b00000, 0x00000000c5c00000|  0%| F|  |TAMS 0x00000000c5b00000, 0x00000000c5b00000| Untracked 
|  42|0x00000000c5c00000, 0x00000000c5d00000, 0x00000000c5d00000|100%| O|  |TAMS 0x00000000c5d00000, 0x00000000c5c00000| Untracked 
|  43|0x00000000c5d00000, 0x00000000c5e00000, 0x00000000c5e00000|100%| O|  |TAMS 0x00000000c5e00000, 0x00000000c5d00000| Complete 
|  44|0x00000000c5e00000, 0x00000000c5f00000, 0x00000000c5f00000|100%| O|  |TAMS 0x00000000c5f00000, 0x00000000c5e00000| Untracked 
|  45|0x00000000c5f00000, 0x00000000c6000000, 0x00000000c6000000|100%| O|  |TAMS 0x00000000c6000000, 0x00000000c5f00000| Complete 
|  46|0x00000000c6000000, 0x00000000c6100000, 0x00000000c6100000|100%| O|  |TAMS 0x00000000c6100000, 0x00000000c6000000| Complete 
|  47|0x00000000c6100000, 0x00000000c6200000, 0x00000000c6200000|100%| O|  |TAMS 0x00000000c6200000, 0x00000000c6100000| Complete 
|  48|0x00000000c6200000, 0x00000000c6300000, 0x00000000c6300000|100%| O|  |TAMS 0x00000000c6300000, 0x00000000c6200000| Complete 
|  49|0x00000000c6300000, 0x00000000c6400000, 0x00000000c6400000|100%| O|  |TAMS 0x00000000c6400000, 0x00000000c6300000| Complete 
|  50|0x00000000c6400000, 0x00000000c6500000, 0x00000000c6500000|100%| O|  |TAMS 0x00000000c6500000, 0x00000000c6400000| Complete 
|  51|0x00000000c6500000, 0x00000000c6600000, 0x00000000c6600000|100%| O|  |TAMS 0x00000000c6600000, 0x00000000c6500000| Complete 
|  52|0x00000000c6600000, 0x00000000c6700000, 0x00000000c6700000|100%| O|  |TAMS 0x00000000c6700000, 0x00000000c6600000| Complete 
|  53|0x00000000c6700000, 0x00000000c6800000, 0x00000000c6800000|100%|HS|  |TAMS 0x00000000c6800000, 0x00000000c6700000| Complete 
|  54|0x00000000c6800000, 0x00000000c6900000, 0x00000000c6900000|100%| O|  |TAMS 0x00000000c6900000, 0x00000000c6800000| Untracked 
|  55|0x00000000c6900000, 0x00000000c6a00000, 0x00000000c6a00000|100%| O|  |TAMS 0x00000000c6a00000, 0x00000000c6900000| Untracked 
|  56|0x00000000c6a00000, 0x00000000c6b00000, 0x00000000c6b00000|100%| O|  |TAMS 0x00000000c6b00000, 0x00000000c6a00000| Complete 
|  57|0x00000000c6b00000, 0x00000000c6c00000, 0x00000000c6c00000|100%| O|  |TAMS 0x00000000c6c00000, 0x00000000c6b00000| Untracked 
|  58|0x00000000c6c00000, 0x00000000c6d00000, 0x00000000c6d00000|100%| O|  |TAMS 0x00000000c6d00000, 0x00000000c6c00000| Untracked 
|  59|0x00000000c6d00000, 0x00000000c6e00000, 0x00000000c6e00000|100%| O|  |TAMS 0x00000000c6e00000, 0x00000000c6d00000| Complete 
|  60|0x00000000c6e00000, 0x00000000c6f00000, 0x00000000c6f00000|100%| O|  |TAMS 0x00000000c6f00000, 0x00000000c6e00000| Untracked 
|  61|0x00000000c6f00000, 0x00000000c7000000, 0x00000000c7000000|100%| O|  |TAMS 0x00000000c7000000, 0x00000000c6f00000| Complete 
|  62|0x00000000c7000000, 0x00000000c7100000, 0x00000000c7100000|100%| O|  |TAMS 0x00000000c7100000, 0x00000000c7000000| Untracked 
|  63|0x00000000c7100000, 0x00000000c7200000, 0x00000000c7200000|100%| O|  |TAMS 0x00000000c7200000, 0x00000000c7100000| Untracked 
|  64|0x00000000c7200000, 0x00000000c7300000, 0x00000000c7300000|100%| O|  |TAMS 0x00000000c7300000, 0x00000000c7200000| Untracked 
|  65|0x00000000c7300000, 0x00000000c7400000, 0x00000000c7400000|100%| O|  |TAMS 0x00000000c7400000, 0x00000000c7300000| Complete 
|  66|0x00000000c7400000, 0x00000000c7500000, 0x00000000c7500000|100%| O|  |TAMS 0x00000000c7500000, 0x00000000c7400000| Complete 
|  67|0x00000000c7500000, 0x00000000c7600000, 0x00000000c7600000|100%| O|  |TAMS 0x00000000c7600000, 0x00000000c7500000| Untracked 
|  68|0x00000000c7600000, 0x00000000c7700000, 0x00000000c7700000|100%| O|  |TAMS 0x00000000c7680000, 0x00000000c7600000| Untracked 
|  69|0x00000000c7700000, 0x00000000c7800000, 0x00000000c7800000|100%| O|  |TAMS 0x00000000c7700000, 0x00000000c7700000| Untracked 
|  70|0x00000000c7800000, 0x00000000c7900000, 0x00000000c7900000|100%| O|  |TAMS 0x00000000c7800000, 0x00000000c7800000| Untracked 
|  71|0x00000000c7900000, 0x00000000c792ba00, 0x00000000c7a00000| 17%| O|  |TAMS 0x00000000c7900000, 0x00000000c7900000| Untracked 
|  72|0x00000000c7a00000, 0x00000000c7a00000, 0x00000000c7b00000|  0%| F|  |TAMS 0x00000000c7a00000, 0x00000000c7a00000| Untracked 
|  73|0x00000000c7b00000, 0x00000000c7b00000, 0x00000000c7c00000|  0%| F|  |TAMS 0x00000000c7b00000, 0x00000000c7b00000| Untracked 
|  74|0x00000000c7c00000, 0x00000000c7c00000, 0x00000000c7d00000|  0%| F|  |TAMS 0x00000000c7c00000, 0x00000000c7c00000| Untracked 
|  75|0x00000000c7d00000, 0x00000000c7d00000, 0x00000000c7e00000|  0%| F|  |TAMS 0x00000000c7d00000, 0x00000000c7d00000| Untracked 
|  76|0x00000000c7e00000, 0x00000000c7e00000, 0x00000000c7f00000|  0%| F|  |TAMS 0x00000000c7e00000, 0x00000000c7e00000| Untracked 
|  77|0x00000000c7f00000, 0x00000000c7f00000, 0x00000000c8000000|  0%| F|  |TAMS 0x00000000c7f00000, 0x00000000c7f00000| Untracked 
|  78|0x00000000c8000000, 0x00000000c8000000, 0x00000000c8100000|  0%| F|  |TAMS 0x00000000c8000000, 0x00000000c8000000| Untracked 
|  79|0x00000000c8100000, 0x00000000c8100000, 0x00000000c8200000|  0%| F|  |TAMS 0x00000000c8100000, 0x00000000c8100000| Untracked 
|  80|0x00000000c8200000, 0x00000000c8200000, 0x00000000c8300000|  0%| F|  |TAMS 0x00000000c8200000, 0x00000000c8200000| Untracked 
|  81|0x00000000c8300000, 0x00000000c8300000, 0x00000000c8400000|  0%| F|  |TAMS 0x00000000c8300000, 0x00000000c8300000| Untracked 
|  82|0x00000000c8400000, 0x00000000c8400000, 0x00000000c8500000|  0%| F|  |TAMS 0x00000000c8400000, 0x00000000c8400000| Untracked 
|  83|0x00000000c8500000, 0x00000000c8500000, 0x00000000c8600000|  0%| F|  |TAMS 0x00000000c8500000, 0x00000000c8500000| Untracked 
|  84|0x00000000c8600000, 0x00000000c8600000, 0x00000000c8700000|  0%| F|  |TAMS 0x00000000c8600000, 0x00000000c8600000| Untracked 
|  85|0x00000000c8700000, 0x00000000c8700000, 0x00000000c8800000|  0%| F|  |TAMS 0x00000000c8700000, 0x00000000c8700000| Untracked 
|  86|0x00000000c8800000, 0x00000000c8800000, 0x00000000c8900000|  0%| F|  |TAMS 0x00000000c8800000, 0x00000000c8800000| Untracked 
|  87|0x00000000c8900000, 0x00000000c8900000, 0x00000000c8a00000|  0%| F|  |TAMS 0x00000000c8900000, 0x00000000c8900000| Untracked 
|  88|0x00000000c8a00000, 0x00000000c8a00000, 0x00000000c8b00000|  0%| F|  |TAMS 0x00000000c8a00000, 0x00000000c8a00000| Untracked 
|  89|0x00000000c8b00000, 0x00000000c8b00000, 0x00000000c8c00000|  0%| F|  |TAMS 0x00000000c8b00000, 0x00000000c8b00000| Untracked 
|  90|0x00000000c8c00000, 0x00000000c8c00000, 0x00000000c8d00000|  0%| F|  |TAMS 0x00000000c8c00000, 0x00000000c8c00000| Untracked 
|  91|0x00000000c8d00000, 0x00000000c8d00000, 0x00000000c8e00000|  0%| F|  |TAMS 0x00000000c8d00000, 0x00000000c8d00000| Untracked 
|  92|0x00000000c8e00000, 0x00000000c8e00000, 0x00000000c8f00000|  0%| F|  |TAMS 0x00000000c8e00000, 0x00000000c8e00000| Untracked 
|  93|0x00000000c8f00000, 0x00000000c8f00000, 0x00000000c9000000|  0%| F|  |TAMS 0x00000000c8f00000, 0x00000000c8f00000| Untracked 
|  94|0x00000000c9000000, 0x00000000c9000000, 0x00000000c9100000|  0%| F|  |TAMS 0x00000000c9000000, 0x00000000c9000000| Untracked 
|  95|0x00000000c9100000, 0x00000000c9100000, 0x00000000c9200000|  0%| F|  |TAMS 0x00000000c9100000, 0x00000000c9100000| Untracked 
|  96|0x00000000c9200000, 0x00000000c9200000, 0x00000000c9300000|  0%| F|  |TAMS 0x00000000c9200000, 0x00000000c9200000| Untracked 
|  97|0x00000000c9300000, 0x00000000c9300000, 0x00000000c9400000|  0%| F|  |TAMS 0x00000000c9300000, 0x00000000c9300000| Untracked 
|  98|0x00000000c9400000, 0x00000000c9400000, 0x00000000c9500000|  0%| F|  |TAMS 0x00000000c9400000, 0x00000000c9400000| Untracked 
|  99|0x00000000c9500000, 0x00000000c9500000, 0x00000000c9600000|  0%| F|  |TAMS 0x00000000c9500000, 0x00000000c9500000| Untracked 
| 100|0x00000000c9600000, 0x00000000c9600000, 0x00000000c9700000|  0%| F|  |TAMS 0x00000000c9600000, 0x00000000c9600000| Untracked 
| 101|0x00000000c9700000, 0x00000000c9700000, 0x00000000c9800000|  0%| F|  |TAMS 0x00000000c9700000, 0x00000000c9700000| Untracked 
| 102|0x00000000c9800000, 0x00000000c9800000, 0x00000000c9900000|  0%| F|  |TAMS 0x00000000c9800000, 0x00000000c9800000| Untracked 
| 103|0x00000000c9900000, 0x00000000c9900000, 0x00000000c9a00000|  0%| F|  |TAMS 0x00000000c9900000, 0x00000000c9900000| Untracked 
| 104|0x00000000c9a00000, 0x00000000c9a00000, 0x00000000c9b00000|  0%| F|  |TAMS 0x00000000c9a00000, 0x00000000c9a00000| Untracked 
| 105|0x00000000c9b00000, 0x00000000c9b00000, 0x00000000c9c00000|  0%| F|  |TAMS 0x00000000c9b00000, 0x00000000c9b00000| Untracked 
| 106|0x00000000c9c00000, 0x00000000c9c00000, 0x00000000c9d00000|  0%| F|  |TAMS 0x00000000c9c00000, 0x00000000c9c00000| Untracked 
| 107|0x00000000c9d00000, 0x00000000c9d00000, 0x00000000c9e00000|  0%| F|  |TAMS 0x00000000c9d00000, 0x00000000c9d00000| Untracked 
| 108|0x00000000c9e00000, 0x00000000c9e00000, 0x00000000c9f00000|  0%| F|  |TAMS 0x00000000c9e00000, 0x00000000c9e00000| Untracked 
| 109|0x00000000c9f00000, 0x00000000c9f00000, 0x00000000ca000000|  0%| F|  |TAMS 0x00000000c9f00000, 0x00000000c9f00000| Untracked 
| 110|0x00000000ca000000, 0x00000000ca000000, 0x00000000ca100000|  0%| F|  |TAMS 0x00000000ca000000, 0x00000000ca000000| Untracked 
| 111|0x00000000ca100000, 0x00000000ca177070, 0x00000000ca200000| 46%| S|CS|TAMS 0x00000000ca100000, 0x00000000ca100000| Complete 
| 112|0x00000000ca200000, 0x00000000ca300000, 0x00000000ca300000|100%| S|CS|TAMS 0x00000000ca200000, 0x00000000ca200000| Complete 
| 113|0x00000000ca300000, 0x00000000ca300000, 0x00000000ca400000|  0%| F|  |TAMS 0x00000000ca300000, 0x00000000ca300000| Untracked 
| 114|0x00000000ca400000, 0x00000000ca400000, 0x00000000ca500000|  0%| F|  |TAMS 0x00000000ca400000, 0x00000000ca400000| Untracked 
| 115|0x00000000ca500000, 0x00000000ca500000, 0x00000000ca600000|  0%| F|  |TAMS 0x00000000ca500000, 0x00000000ca500000| Untracked 
| 116|0x00000000ca600000, 0x00000000ca600000, 0x00000000ca700000|  0%| F|  |TAMS 0x00000000ca600000, 0x00000000ca600000| Untracked 
| 117|0x00000000ca700000, 0x00000000ca700000, 0x00000000ca800000|  0%| F|  |TAMS 0x00000000ca700000, 0x00000000ca700000| Untracked 
| 118|0x00000000ca800000, 0x00000000ca800000, 0x00000000ca900000|  0%| F|  |TAMS 0x00000000ca800000, 0x00000000ca800000| Untracked 
| 119|0x00000000ca900000, 0x00000000ca900000, 0x00000000caa00000|  0%| F|  |TAMS 0x00000000ca900000, 0x00000000ca900000| Untracked 
| 120|0x00000000caa00000, 0x00000000caa00000, 0x00000000cab00000|  0%| F|  |TAMS 0x00000000caa00000, 0x00000000caa00000| Untracked 
| 121|0x00000000cab00000, 0x00000000cab00000, 0x00000000cac00000|  0%| F|  |TAMS 0x00000000cab00000, 0x00000000cab00000| Untracked 
| 122|0x00000000cac00000, 0x00000000cac00000, 0x00000000cad00000|  0%| F|  |TAMS 0x00000000cac00000, 0x00000000cac00000| Untracked 
| 123|0x00000000cad00000, 0x00000000cad00000, 0x00000000cae00000|  0%| F|  |TAMS 0x00000000cad00000, 0x00000000cad00000| Untracked 
| 124|0x00000000cae00000, 0x00000000cae00000, 0x00000000caf00000|  0%| F|  |TAMS 0x00000000cae00000, 0x00000000cae00000| Untracked 
| 125|0x00000000caf00000, 0x00000000caf00000, 0x00000000cb000000|  0%| F|  |TAMS 0x00000000caf00000, 0x00000000caf00000| Untracked 
| 126|0x00000000cb000000, 0x00000000cb000000, 0x00000000cb100000|  0%| F|  |TAMS 0x00000000cb000000, 0x00000000cb000000| Untracked 
| 127|0x00000000cb100000, 0x00000000cb100000, 0x00000000cb200000|  0%| F|  |TAMS 0x00000000cb100000, 0x00000000cb100000| Untracked 
| 128|0x00000000cb200000, 0x00000000cb200000, 0x00000000cb300000|  0%| F|  |TAMS 0x00000000cb200000, 0x00000000cb200000| Untracked 
| 129|0x00000000cb300000, 0x00000000cb300000, 0x00000000cb400000|  0%| F|  |TAMS 0x00000000cb300000, 0x00000000cb300000| Untracked 
| 130|0x00000000cb400000, 0x00000000cb400000, 0x00000000cb500000|  0%| F|  |TAMS 0x00000000cb400000, 0x00000000cb400000| Untracked 
| 131|0x00000000cb500000, 0x00000000cb500000, 0x00000000cb600000|  0%| F|  |TAMS 0x00000000cb500000, 0x00000000cb500000| Untracked 
| 132|0x00000000cb600000, 0x00000000cb600000, 0x00000000cb700000|  0%| F|  |TAMS 0x00000000cb600000, 0x00000000cb600000| Untracked 
| 133|0x00000000cb700000, 0x00000000cb700000, 0x00000000cb800000|  0%| F|  |TAMS 0x00000000cb700000, 0x00000000cb700000| Untracked 
| 134|0x00000000cb800000, 0x00000000cb800000, 0x00000000cb900000|  0%| F|  |TAMS 0x00000000cb800000, 0x00000000cb800000| Untracked 
| 135|0x00000000cb900000, 0x00000000cb900000, 0x00000000cba00000|  0%| F|  |TAMS 0x00000000cb900000, 0x00000000cb900000| Untracked 
| 136|0x00000000cba00000, 0x00000000cba00000, 0x00000000cbb00000|  0%| F|  |TAMS 0x00000000cba00000, 0x00000000cba00000| Untracked 
| 137|0x00000000cbb00000, 0x00000000cbb00000, 0x00000000cbc00000|  0%| F|  |TAMS 0x00000000cbb00000, 0x00000000cbb00000| Untracked 
| 138|0x00000000cbc00000, 0x00000000cbc00000, 0x00000000cbd00000|  0%| F|  |TAMS 0x00000000cbc00000, 0x00000000cbc00000| Untracked 
| 139|0x00000000cbd00000, 0x00000000cbd00000, 0x00000000cbe00000|  0%| F|  |TAMS 0x00000000cbd00000, 0x00000000cbd00000| Untracked 
| 140|0x00000000cbe00000, 0x00000000cbe00000, 0x00000000cbf00000|  0%| F|  |TAMS 0x00000000cbe00000, 0x00000000cbe00000| Untracked 
| 141|0x00000000cbf00000, 0x00000000cbf00000, 0x00000000cc000000|  0%| F|  |TAMS 0x00000000cbf00000, 0x00000000cbf00000| Untracked 
| 142|0x00000000cc000000, 0x00000000cc000000, 0x00000000cc100000|  0%| F|  |TAMS 0x00000000cc000000, 0x00000000cc000000| Untracked 
| 143|0x00000000cc100000, 0x00000000cc100000, 0x00000000cc200000|  0%| F|  |TAMS 0x00000000cc100000, 0x00000000cc100000| Untracked 
| 144|0x00000000cc200000, 0x00000000cc200000, 0x00000000cc300000|  0%| F|  |TAMS 0x00000000cc200000, 0x00000000cc200000| Untracked 
| 145|0x00000000cc300000, 0x00000000cc300000, 0x00000000cc400000|  0%| F|  |TAMS 0x00000000cc300000, 0x00000000cc300000| Untracked 
| 146|0x00000000cc400000, 0x00000000cc4bd1a0, 0x00000000cc500000| 73%| E|  |TAMS 0x00000000cc400000, 0x00000000cc400000| Complete 
| 147|0x00000000cc500000, 0x00000000cc600000, 0x00000000cc600000|100%| E|CS|TAMS 0x00000000cc500000, 0x00000000cc500000| Complete 
| 148|0x00000000cc600000, 0x00000000cc700000, 0x00000000cc700000|100%| E|CS|TAMS 0x00000000cc600000, 0x00000000cc600000| Complete 
| 149|0x00000000cc700000, 0x00000000cc800000, 0x00000000cc800000|100%| E|CS|TAMS 0x00000000cc700000, 0x00000000cc700000| Complete 
| 150|0x00000000cc800000, 0x00000000cc900000, 0x00000000cc900000|100%| E|CS|TAMS 0x00000000cc800000, 0x00000000cc800000| Complete 
| 151|0x00000000cc900000, 0x00000000cca00000, 0x00000000cca00000|100%| E|CS|TAMS 0x00000000cc900000, 0x00000000cc900000| Complete 
| 152|0x00000000cca00000, 0x00000000ccb00000, 0x00000000ccb00000|100%| E|CS|TAMS 0x00000000cca00000, 0x00000000cca00000| Complete 
| 153|0x00000000ccb00000, 0x00000000ccc00000, 0x00000000ccc00000|100%| E|CS|TAMS 0x00000000ccb00000, 0x00000000ccb00000| Complete 
| 154|0x00000000ccc00000, 0x00000000ccd00000, 0x00000000ccd00000|100%| E|CS|TAMS 0x00000000ccc00000, 0x00000000ccc00000| Complete 
| 155|0x00000000ccd00000, 0x00000000cce00000, 0x00000000cce00000|100%| E|CS|TAMS 0x00000000ccd00000, 0x00000000ccd00000| Complete 
| 171|0x00000000cdd00000, 0x00000000cde00000, 0x00000000cde00000|100%| E|CS|TAMS 0x00000000cdd00000, 0x00000000cdd00000| Complete 
| 172|0x00000000cde00000, 0x00000000cdf00000, 0x00000000cdf00000|100%| E|CS|TAMS 0x00000000cde00000, 0x00000000cde00000| Complete 
| 173|0x00000000cdf00000, 0x00000000ce000000, 0x00000000ce000000|100%| E|CS|TAMS 0x00000000cdf00000, 0x00000000cdf00000| Complete 
| 174|0x00000000ce000000, 0x00000000ce100000, 0x00000000ce100000|100%| E|CS|TAMS 0x00000000ce000000, 0x00000000ce000000| Complete 
| 970|0x00000000ffc00000, 0x00000000ffd00000, 0x00000000ffd00000|100%| O|  |TAMS 0x00000000ffd00000, 0x00000000ffc00000| Untracked 
| 971|0x00000000ffd00000, 0x00000000ffe00000, 0x00000000ffe00000|100%| O|  |TAMS 0x00000000ffe00000, 0x00000000ffd00000| Complete 
| 972|0x00000000ffe00000, 0x00000000fff00000, 0x00000000fff00000|100%| O|  |TAMS 0x00000000fff00000, 0x00000000ffe00000| Complete 
| 973|0x00000000fff00000, 0x0000000100000000, 0x0000000100000000|100%| O|  |TAMS 0x0000000100000000, 0x00000000fff00000| Complete 

Card table byte_map: [0x000001f01dbc0000,0x000001f01ddb0000] _byte_map_base: 0x000001f01d5a7000

Marking Bits (Prev, Next): (CMBitMap*) 0x000001f007147ed0, (CMBitMap*) 0x000001f007147e90
 Prev Bits: [0x000001f01eee0000, 0x000001f01fe18000)
 Next Bits: [0x000001f01dfa0000, 0x000001f01eed8000)

Polling page: 0x000001f0068e0000

Metaspace:

Usage:
  Non-class:     39.35 MB used.
      Class:      4.87 MB used.
       Both:     44.22 MB used.

Virtual space:
  Non-class space:       64.00 MB reserved,      39.69 MB ( 62%) committed,  1 nodes.
      Class space:        1.00 GB reserved,       5.12 MB ( <1%) committed,  1 nodes.
             Both:        1.06 GB reserved,      44.81 MB (  4%) committed. 

Chunk freelists:
   Non-Class:  8.29 MB
       Class:  10.86 MB
        Both:  19.16 MB

MaxMetaspaceSize: unlimited
CompressedClassSpaceSize: 1.00 GB
Initial GC threshold: 21.00 MB
Current GC threshold: 73.38 MB
CDS: on
MetaspaceReclaimPolicy: balanced
 - commit_granule_bytes: 65536.
 - commit_granule_words: 8192.
 - virtual_space_node_default_size: 8388608.
 - enlarge_chunks_in_place: 1.
 - new_chunks_are_fully_committed: 0.
 - uncommit_free_chunks: 1.
 - use_allocation_guard: 0.
 - handle_deallocations: 1.


Internal statistics:

num_allocs_failed_limit: 9.
num_arena_births: 504.
num_arena_deaths: 0.
num_vsnodes_births: 2.
num_vsnodes_deaths: 0.
num_space_committed: 717.
num_space_uncommitted: 0.
num_chunks_returned_to_freelist: 9.
num_chunks_taken_from_freelist: 2120.
num_chunk_merges: 6.
num_chunk_splits: 1392.
num_chunks_enlarged: 948.
num_inconsistent_stats: 0.

CodeHeap 'non-profiled nmethods': size=120000Kb used=5473Kb max_used=5473Kb free=114526Kb
 bounds [0x000001f0164a0000, 0x000001f016a30000, 0x000001f01d9d0000]
CodeHeap 'profiled nmethods': size=120000Kb used=19996Kb max_used=20941Kb free=100003Kb
 bounds [0x000001f00e9d0000, 0x000001f00fe50000, 0x000001f015f00000]
CodeHeap 'non-nmethods': size=5760Kb used=1320Kb max_used=1373Kb free=4439Kb
 bounds [0x000001f015f00000, 0x000001f016170000, 0x000001f0164a0000]
 total_blobs=9416 nmethods=8783 adapters=545
 compilation: enabled
              stopped_count=0, restarted_count=0
 full_count=0

Compilation events (20 events):
Event: 125.645 Thread 0x000001f02227abf0 nmethod 10398 0x000001f00e9ee410 code [0x000001f00e9ee620, 0x000001f00e9eed48]
Event: 125.645 Thread 0x000001f02227abf0 10400   !   3       hudson.remoting.Util::copy (64 bytes)
Event: 125.645 Thread 0x000001f02227abf0 nmethod 10400 0x000001f00fa0eb10 code [0x000001f00fa0ed00, 0x000001f00fa0f3a8]
Event: 125.645 Thread 0x000001f02227abf0 10399       3       hudson.remoting.Util::readFully (18 bytes)
Event: 125.645 Thread 0x000001f02227abf0 nmethod 10399 0x000001f00f11d890 code [0x000001f00f11da60, 0x000001f00f11de68]
Event: 125.670 Thread 0x000001f02227abf0 10401       3       hudson.remoting.Checksum::equals (44 bytes)
Event: 125.670 Thread 0x000001f02227abf0 nmethod 10401 0x000001f00f350590 code [0x000001f00f350740, 0x000001f00f350b58]
Event: 125.803 Thread 0x000001f022276120 10402   !   4       java.io.ObjectInputStream::readOrdinaryObject (379 bytes)
Event: 125.838 Thread 0x000001f022276120 nmethod 10402 0x000001f0167dfe10 code [0x000001f0167e00e0, 0x000001f0167e1fa0]
Event: 126.018 Thread 0x000001f02227abf0 10403   !   3       sun.net.www.protocol.jar.JarFileFactory::getCachedJarFile (149 bytes)
Event: 126.019 Thread 0x000001f02227abf0 nmethod 10403 0x000001f00f29bb90 code [0x000001f00f29be40, 0x000001f00f29ce68]
Event: 126.030 Thread 0x000001f022276120 10404  s!   4       jdk.internal.loader.URLClassPath::getLoader (194 bytes)
Event: 126.038 Thread 0x000001f02227abf0 10405       3       java.util.stream.Stream::of (5 bytes)
Event: 126.038 Thread 0x000001f02227abf0 nmethod 10405 0x000001f00f579510 code [0x000001f00f5796e0, 0x000001f00f579958]
Event: 126.038 Thread 0x000001f02227abf0 10406       3       java.util.HashMap$HashMapSpliterator::<init> (32 bytes)
Event: 126.039 Thread 0x000001f02227abf0 nmethod 10406 0x000001f00f81f590 code [0x000001f00f81f720, 0x000001f00f81f8f8]
Event: 126.071 Thread 0x000001f02227abf0 10412       3       hudson.remoting.MultiClassLoaderSerializer$Output::annotateClass (128 bytes)
Event: 126.073 Thread 0x000001f02227abf0 nmethod 10412 0x000001f00fa07a10 code [0x000001f00fa07dc0, 0x000001f00fa099b8]
Event: 126.073 Thread 0x000001f02227abf0 10413       3       java.io.ObjectOutputStream$BlockDataOutputStream::writeBlockHeader (70 bytes)
Event: 126.073 Thread 0x000001f02227abf0 nmethod 10413 0x000001f00f4b2b10 code [0x000001f00f4b2ce0, 0x000001f00f4b30e8]

GC Heap History (20 events):
Event: 86.947 GC heap before
{Heap before GC invocations=21 (full 0):
 garbage-first heap   total 59392K, used 36257K [0x00000000c3200000, 0x0000000100000000)
  region size 1024K, 4 young (4096K), 3 survivors (3072K)
 Metaspace       used 37872K, committed 38272K, reserved 1114112K
  class space    used 4269K, committed 4416K, reserved 1048576K
}
Event: 86.953 GC heap after
{Heap after GC invocations=22 (full 0):
 garbage-first heap   total 59392K, used 35545K [0x00000000c3200000, 0x0000000100000000)
  region size 1024K, 1 young (1024K), 1 survivors (1024K)
 Metaspace       used 37872K, committed 38272K, reserved 1114112K
  class space    used 4269K, committed 4416K, reserved 1048576K
}
Event: 87.290 GC heap before
{Heap before GC invocations=22 (full 0):
 garbage-first heap   total 59392K, used 44761K [0x00000000c3200000, 0x0000000100000000)
  region size 1024K, 11 young (11264K), 1 survivors (1024K)
 Metaspace       used 37888K, committed 38272K, reserved 1114112K
  class space    used 4269K, committed 4416K, reserved 1048576K
}
Event: 87.293 GC heap after
{Heap after GC invocations=23 (full 0):
 garbage-first heap   total 59392K, used 39173K [0x00000000c3200000, 0x0000000100000000)
  region size 1024K, 2 young (2048K), 2 survivors (2048K)
 Metaspace       used 37888K, committed 38272K, reserved 1114112K
  class space    used 4269K, committed 4416K, reserved 1048576K
}
Event: 87.380 GC heap before
{Heap before GC invocations=24 (full 0):
 garbage-first heap   total 71680K, used 47365K [0x00000000c3200000, 0x0000000100000000)
  region size 1024K, 9 young (9216K), 2 survivors (2048K)
 Metaspace       used 37896K, committed 38272K, reserved 1114112K
  class space    used 4269K, committed 4416K, reserved 1048576K
}
Event: 87.384 GC heap after
{Heap after GC invocations=25 (full 0):
 garbage-first heap   total 71680K, used 43550K [0x00000000c3200000, 0x0000000100000000)
  region size 1024K, 2 young (2048K), 2 survivors (2048K)
 Metaspace       used 37896K, committed 38272K, reserved 1114112K
  class space    used 4269K, committed 4416K, reserved 1048576K
}
Event: 87.388 GC heap before
{Heap before GC invocations=25 (full 0):
 garbage-first heap   total 71680K, used 44574K [0x00000000c3200000, 0x0000000100000000)
  region size 1024K, 3 young (3072K), 2 survivors (2048K)
 Metaspace       used 37896K, committed 38272K, reserved 1114112K
  class space    used 4269K, committed 4416K, reserved 1048576K
}
Event: 87.390 GC heap after
{Heap after GC invocations=26 (full 0):
 garbage-first heap   total 71680K, used 43823K [0x00000000c3200000, 0x0000000100000000)
  region size 1024K, 1 young (1024K), 1 survivors (1024K)
 Metaspace       used 37896K, committed 38272K, reserved 1114112K
  class space    used 4269K, committed 4416K, reserved 1048576K
}
Event: 87.426 GC heap before
{Heap before GC invocations=26 (full 0):
 garbage-first heap   total 71680K, used 53039K [0x00000000c3200000, 0x0000000100000000)
  region size 1024K, 11 young (11264K), 1 survivors (1024K)
 Metaspace       used 37899K, committed 38272K, reserved 1114112K
  class space    used 4269K, committed 4416K, reserved 1048576K
}
Event: 87.431 GC heap after
{Heap after GC invocations=27 (full 0):
 garbage-first heap   total 183296K, used 45995K [0x00000000c3200000, 0x0000000100000000)
  region size 1024K, 2 young (2048K), 2 survivors (2048K)
 Metaspace       used 37899K, committed 38272K, reserved 1114112K
  class space    used 4269K, committed 4416K, reserved 1048576K
}
Event: 105.042 GC heap before
{Heap before GC invocations=28 (full 0):
 garbage-first heap   total 167936K, used 119723K [0x00000000c3200000, 0x0000000100000000)
  region size 1024K, 73 young (74752K), 2 survivors (2048K)
 Metaspace       used 40894K, committed 41344K, reserved 1114112K
  class space    used 4568K, committed 4800K, reserved 1048576K
}
Event: 105.206 GC heap after
{Heap after GC invocations=29 (full 0):
 garbage-first heap   total 167936K, used 55786K [0x00000000c3200000, 0x0000000100000000)
  region size 1024K, 10 young (10240K), 10 survivors (10240K)
 Metaspace       used 40894K, committed 41344K, reserved 1114112K
  class space    used 4568K, committed 4800K, reserved 1048576K
}
Event: 105.267 GC heap before
{Heap before GC invocations=29 (full 0):
 garbage-first heap   total 167936K, used 56810K [0x00000000c3200000, 0x0000000100000000)
  region size 1024K, 11 young (11264K), 10 survivors (10240K)
 Metaspace       used 40894K, committed 41344K, reserved 1114112K
  class space    used 4568K, committed 4800K, reserved 1048576K
}
Event: 105.310 GC heap after
{Heap after GC invocations=30 (full 0):
 garbage-first heap   total 167936K, used 57029K [0x00000000c3200000, 0x0000000100000000)
  region size 1024K, 2 young (2048K), 2 survivors (2048K)
 Metaspace       used 40894K, committed 41344K, reserved 1114112K
  class space    used 4568K, committed 4800K, reserved 1048576K
}
Event: 106.405 GC heap before
{Heap before GC invocations=30 (full 0):
 garbage-first heap   total 167936K, used 114373K [0x00000000c3200000, 0x0000000100000000)
  region size 1024K, 55 young (56320K), 2 survivors (2048K)
 Metaspace       used 40973K, committed 41472K, reserved 1114112K
  class space    used 4570K, committed 4864K, reserved 1048576K
}
Event: 106.449 GC heap after
{Heap after GC invocations=31 (full 0):
 garbage-first heap   total 167936K, used 78763K [0x00000000c3200000, 0x0000000100000000)
  region size 1024K, 7 young (7168K), 7 survivors (7168K)
 Metaspace       used 40973K, committed 41472K, reserved 1114112K
  class space    used 4570K, committed 4864K, reserved 1048576K
}
Event: 109.355 GC heap before
{Heap before GC invocations=31 (full 0):
 garbage-first heap   total 167936K, used 118699K [0x00000000c3200000, 0x0000000100000000)
  region size 1024K, 46 young (47104K), 7 survivors (7168K)
 Metaspace       used 41927K, committed 42496K, reserved 1114112K
  class space    used 4638K, committed 4928K, reserved 1048576K
}
Event: 109.373 GC heap after
{Heap after GC invocations=32 (full 0):
 garbage-first heap   total 167936K, used 77207K [0x00000000c3200000, 0x0000000100000000)
  region size 1024K, 4 young (4096K), 4 survivors (4096K)
 Metaspace       used 41927K, committed 42496K, reserved 1114112K
  class space    used 4638K, committed 4928K, reserved 1048576K
}
Event: 124.130 GC heap before
{Heap before GC invocations=32 (full 0):
 garbage-first heap   total 167936K, used 121239K [0x00000000c3200000, 0x0000000100000000)
  region size 1024K, 47 young (48128K), 4 survivors (4096K)
 Metaspace       used 44255K, committed 44800K, reserved 1114112K
  class space    used 4863K, committed 5120K, reserved 1048576K
}
Event: 124.177 GC heap after
{Heap after GC invocations=33 (full 0):
 garbage-first heap   total 167936K, used 78389K [0x00000000c3200000, 0x0000000100000000)
  region size 1024K, 2 young (2048K), 2 survivors (2048K)
 Metaspace       used 44255K, committed 44800K, reserved 1114112K
  class space    used 4863K, committed 5120K, reserved 1048576K
}

Deoptimization events (20 events):
Event: 126.004 Thread 0x000001f06800b2b0 Uncommon trap: trap_request=0xffffffc6 fr.pc=0x000001f016832fac relative=0x00000000000015ec
Event: 126.004 Thread 0x000001f06800b2b0 Uncommon trap: reason=bimorphic_or_optimized_type_check action=maybe_recompile pc=0x000001f016832fac method=java.util.Hashtable.put(Ljava/lang/Object;Ljava/lang/Object;)Ljava/lang/Object; @ 18 c2
Event: 126.004 Thread 0x000001f06800b2b0 DEOPT PACKING pc=0x000001f016832fac sp=0x000000c9836fc5d0
Event: 126.004 Thread 0x000001f06800b2b0 DEOPT UNPACKING pc=0x000001f015f55ba3 sp=0x000000c9836fc598 mode 2
Event: 126.004 Thread 0x000001f06800b2b0 Uncommon trap: trap_request=0xffffffc6 fr.pc=0x000001f0166da414 relative=0x00000000000009d4
Event: 126.004 Thread 0x000001f06800b2b0 Uncommon trap: reason=bimorphic_or_optimized_type_check action=maybe_recompile pc=0x000001f0166da414 method=java.util.Hashtable.get(Ljava/lang/Object;)Ljava/lang/Object; @ 6 c2
Event: 126.004 Thread 0x000001f06800b2b0 DEOPT PACKING pc=0x000001f0166da414 sp=0x000000c9836fc600
Event: 126.004 Thread 0x000001f06800b2b0 DEOPT UNPACKING pc=0x000001f015f55ba3 sp=0x000000c9836fc5b0 mode 2
Event: 126.004 Thread 0x000001f06800b2b0 Uncommon trap: trap_request=0xffffffc6 fr.pc=0x000001f016832fac relative=0x00000000000015ec
Event: 126.004 Thread 0x000001f06800b2b0 Uncommon trap: reason=bimorphic_or_optimized_type_check action=maybe_recompile pc=0x000001f016832fac method=java.util.Hashtable.put(Ljava/lang/Object;Ljava/lang/Object;)Ljava/lang/Object; @ 18 c2
Event: 126.004 Thread 0x000001f06800b2b0 DEOPT PACKING pc=0x000001f016832fac sp=0x000000c9836fc5d0
Event: 126.004 Thread 0x000001f06800b2b0 DEOPT UNPACKING pc=0x000001f015f55ba3 sp=0x000000c9836fc598 mode 2
Event: 126.004 Thread 0x000001f06800b2b0 Uncommon trap: trap_request=0xffffffc6 fr.pc=0x000001f0166da414 relative=0x00000000000009d4
Event: 126.004 Thread 0x000001f06800b2b0 Uncommon trap: reason=bimorphic_or_optimized_type_check action=maybe_recompile pc=0x000001f0166da414 method=java.util.Hashtable.get(Ljava/lang/Object;)Ljava/lang/Object; @ 6 c2
Event: 126.004 Thread 0x000001f06800b2b0 DEOPT PACKING pc=0x000001f0166da414 sp=0x000000c9836fc600
Event: 126.004 Thread 0x000001f06800b2b0 DEOPT UNPACKING pc=0x000001f015f55ba3 sp=0x000000c9836fc5b0 mode 2
Event: 126.004 Thread 0x000001f06800b2b0 Uncommon trap: trap_request=0xffffffc6 fr.pc=0x000001f016832fac relative=0x00000000000015ec
Event: 126.004 Thread 0x000001f06800b2b0 Uncommon trap: reason=bimorphic_or_optimized_type_check action=maybe_recompile pc=0x000001f016832fac method=java.util.Hashtable.put(Ljava/lang/Object;Ljava/lang/Object;)Ljava/lang/Object; @ 18 c2
Event: 126.004 Thread 0x000001f06800b2b0 DEOPT PACKING pc=0x000001f016832fac sp=0x000000c9836fc5d0
Event: 126.004 Thread 0x000001f06800b2b0 DEOPT UNPACKING pc=0x000001f015f55ba3 sp=0x000000c9836fc598 mode 2

Classes unloaded (0 events):
No events

Classes redefined (0 events):
No events

Internal exceptions (20 events):
Event: 121.866 Thread 0x000001f0681d2070 Exception <a 'sun/nio/fs/WindowsException'{0x00000000cae93ee0}> (0x00000000cae93ee0) 
thrown [s\open\src\hotspot\share\prims\jni.cpp, line 516]
Event: 121.956 Thread 0x000001f0681d3ed0 Exception <a 'sun/nio/fs/WindowsException'{0x00000000cae09160}> (0x00000000cae09160) 
thrown [s\open\src\hotspot\share\prims\jni.cpp, line 516]
Event: 121.959 Thread 0x000001f0681d2070 Exception <a 'sun/nio/fs/WindowsException'{0x00000000cae9bc80}> (0x00000000cae9bc80) 
thrown [s\open\src\hotspot\share\prims\jni.cpp, line 516]
Event: 121.972 Thread 0x000001f0681d2580 Exception <a 'sun/nio/fs/WindowsException'{0x00000000cae52598}> (0x00000000cae52598) 
thrown [s\open\src\hotspot\share\prims\jni.cpp, line 516]
Event: 122.392 Thread 0x000001f0681d3ed0 Exception <a 'sun/nio/fs/WindowsException'{0x00000000cae1f178}> (0x00000000cae1f178) 
thrown [s\open\src\hotspot\share\prims\jni.cpp, line 516]
Event: 122.516 Thread 0x000001f0681d2580 Exception <a 'sun/nio/fs/WindowsException'{0x00000000cae68ee0}> (0x00000000cae68ee0) 
thrown [s\open\src\hotspot\share\prims\jni.cpp, line 516]
Event: 122.816 Thread 0x000001f0681d2070 Exception <a 'sun/nio/fs/WindowsException'{0x00000000caeb3220}> (0x00000000caeb3220) 
thrown [s\open\src\hotspot\share\prims\jni.cpp, line 516]
Event: 123.102 Thread 0x000001f06800b2b0 Exception <a 'sun/nio/fs/WindowsException'{0x00000000caff4ff0}> (0x00000000caff4ff0) 
thrown [s\open\src\hotspot\share\prims\jni.cpp, line 516]
Event: 123.212 Thread 0x000001f06800b2b0 Exception <a 'sun/nio/fs/WindowsException'{0x00000000caeddb78}> (0x00000000caeddb78) 
thrown [s\open\src\hotspot\share\prims\jni.cpp, line 516]
Event: 123.226 Thread 0x000001f06800b2b0 Exception <a 'sun/nio/fs/WindowsException'{0x00000000caee67d8}> (0x00000000caee67d8) 
thrown [s\open\src\hotspot\share\prims\jni.cpp, line 516]
Event: 123.272 Thread 0x000001f06800b2b0 Exception <a 'sun/nio/fs/WindowsException'{0x00000000caef2550}> (0x00000000caef2550) 
thrown [s\open\src\hotspot\share\prims\jni.cpp, line 516]
Event: 123.306 Thread 0x000001f06800b2b0 Exception <a 'sun/nio/fs/WindowsException'{0x00000000caefb2c0}> (0x00000000caefb2c0) 
thrown [s\open\src\hotspot\share\prims\jni.cpp, line 516]
Event: 123.333 Thread 0x000001f06800b2b0 Exception <a 'sun/nio/fs/WindowsException'{0x00000000cad08110}> (0x00000000cad08110) 
thrown [s\open\src\hotspot\share\prims\jni.cpp, line 516]
Event: 123.340 Thread 0x000001f06800b2b0 Exception <a 'sun/nio/fs/WindowsException'{0x00000000cad10de0}> (0x00000000cad10de0) 
thrown [s\open\src\hotspot\share\prims\jni.cpp, line 516]
Event: 123.354 Thread 0x000001f06800b2b0 Exception <a 'sun/nio/fs/WindowsException'{0x00000000cad1cca0}> (0x00000000cad1cca0) 
thrown [s\open\src\hotspot\share\prims\jni.cpp, line 516]
Event: 124.110 Thread 0x000001f06800b2b0 Exception <a 'java/lang/NoSuchMethodError'{0x00000000ca3868f0}: 'void java.lang.invoke.DirectMethodHandle$Holder.invokeStatic(java.lang.Object, long)'> (0x00000000ca3868f0) 
thrown [s\open\src\hotspot\share\interpreter\linkResolver.cpp, line 759]
Event: 124.118 Thread 0x000001f06800b2b0 Exception <a 'java/lang/NoSuchMethodError'{0x00000000ca38c1e8}: 'java.lang.Object java.lang.invoke.DirectMethodHandle$Holder.newInvokeSpecial(java.lang.Object, long)'> (0x00000000ca38c1e8) 
thrown [s\open\src\hotspot\share\interpreter\linkResolver.cpp, line 759]
Event: 124.842 Thread 0x000001f06800b2b0 Exception <a 'sun/nio/fs/WindowsException'{0x00000000cde7fcb8}> (0x00000000cde7fcb8) 
thrown [s\open\src\hotspot\share\prims\jni.cpp, line 516]
Event: 125.844 Thread 0x000001f06800b2b0 Exception <a 'java/lang/NoSuchMethodError'{0x00000000cca3bf20}: 'void java.lang.invoke.DirectMethodHandle$Holder.invokeStatic(java.lang.Object, java.lang.Object, java.lang.Object, java.lang.Object)'> (0x00000000cca3bf20) 
thrown [s\open\src\hotspot\share\interpreter\linkResolver.cpp, line 759]
Event: 126.003 Thread 0x000001f06800b2b0 Exception <a 'java/lang/NoSuchMethodError'{0x00000000ccae8798}: 'java.lang.Object java.lang.invoke.DirectMethodHandle$Holder.invokeStaticInit(java.lang.Object, java.lang.Object, java.lang.Object, java.lang.Object)'> (0x00000000ccae8798) 
thrown [s\open\src\hotspot\share\interpreter\linkResolver.cpp, line 759]

VM Operations (20 events):
Event: 123.859 Executing VM operation: HandshakeAllThreads
Event: 123.859 Executing VM operation: HandshakeAllThreads done
Event: 124.121 Executing VM operation: HandshakeAllThreads
Event: 124.121 Executing VM operation: HandshakeAllThreads done
Event: 124.129 Executing VM operation: G1CollectForAllocation
Event: 124.178 Executing VM operation: G1CollectForAllocation done
Event: 124.181 Executing VM operation: HandshakeAllThreads
Event: 124.181 Executing VM operation: HandshakeAllThreads done
Event: 124.184 Executing VM operation: HandshakeAllThreads
Event: 124.184 Executing VM operation: HandshakeAllThreads done
Event: 124.449 Executing VM operation: G1Concurrent
Event: 124.544 Executing VM operation: G1Concurrent done
Event: 124.582 Executing VM operation: G1Concurrent
Event: 124.583 Executing VM operation: G1Concurrent done
Event: 125.213 Executing VM operation: HandshakeAllThreads
Event: 125.213 Executing VM operation: HandshakeAllThreads done
Event: 126.022 Executing VM operation: HandshakeAllThreads
Event: 126.022 Executing VM operation: HandshakeAllThreads done
Event: 126.022 Executing VM operation: Cleanup
Event: 126.022 Executing VM operation: Cleanup done

Events (20 events):
Event: 124.837 Thread 0x000001f0681d3ed0 Thread exited: 0x000001f0681d3ed0
Event: 124.846 loading class java/lang/Throwable$WrappedPrintWriter
Event: 124.846 loading class java/lang/Throwable$WrappedPrintWriter done
Event: 125.112 loading class sun/util/PropertyResourceBundleCharset
Event: 125.112 loading class sun/util/PropertyResourceBundleCharset done
Event: 125.112 loading class sun/util/PropertyResourceBundleCharset$PropertiesFileDecoder
Event: 125.112 loading class sun/util/PropertyResourceBundleCharset$PropertiesFileDecoder done
Event: 125.651 loading class java/nio/file/attribute/PosixFilePermissions$1
Event: 125.652 loading class java/nio/file/attribute/PosixFilePermissions$1 done
Event: 125.810 loading class java/util/EventListener
Event: 125.810 loading class java/util/EventListener done
Event: 126.014 loading class java/util/Hashtable$ValueCollection
Event: 126.014 loading class java/util/Hashtable$ValueCollection done
Event: 126.063 Thread 0x000001f0681d3ed0 Thread added: 0x000001f0681d3ed0
Event: 126.063 loading class java/util/concurrent/CompletableFuture$UniApply
Event: 126.064 loading class java/util/concurrent/CompletableFuture$UniCompletion
Event: 126.065 loading class java/util/concurrent/CompletableFuture$UniCompletion done
Event: 126.065 loading class java/util/concurrent/CompletableFuture$UniApply done
Event: 126.065 loading class java/io/File$TempDirectory
Event: 126.065 loading class java/io/File$TempDirectory done


Dynamic libraries:
0x00007ff7d8cc0000 - 0x00007ff7d8cd0000 	C:\Program Files\Java\jdk-17\bin\java.exe
0x00007ff922690000 - 0x00007ff9228a7000 	C:\WINDOWS\SYSTEM32\ntdll.dll
0x00007ff920f10000 - 0x00007ff920fd4000 	C:\WINDOWS\System32\KERNEL32.DLL
0x00007ff91fd80000 - 0x00007ff920139000 	C:\WINDOWS\System32\KERNELBASE.dll
0x00007ff920170000 - 0x00007ff920281000 	C:\WINDOWS\System32\ucrtbase.dll
0x00007ff8fce20000 - 0x00007ff8fce39000 	C:\Program Files\Java\jdk-17\bin\jli.dll
0x00007ff9209a0000 - 0x00007ff920a52000 	C:\WINDOWS\System32\ADVAPI32.dll
0x00007ff8fce00000 - 0x00007ff8fce1b000 	C:\Program Files\Java\jdk-17\bin\VCRUNTIME140.dll
0x00007ff920ae0000 - 0x00007ff920b87000 	C:\WINDOWS\System32\msvcrt.dll
0x00007ff920fe0000 - 0x00007ff921087000 	C:\WINDOWS\System32\sechost.dll
0x00007ff920140000 - 0x00007ff920168000 	C:\WINDOWS\System32\bcrypt.dll
0x00007ff921a90000 - 0x00007ff921ba4000 	C:\WINDOWS\System32\RPCRT4.dll
0x00007ff920c60000 - 0x00007ff920e0e000 	C:\WINDOWS\System32\USER32.dll
0x00007ff91fb40000 - 0x00007ff91fb66000 	C:\WINDOWS\System32\win32u.dll
0x00007ff920ab0000 - 0x00007ff920ad9000 	C:\WINDOWS\System32\GDI32.dll
0x00007ff91f960000 - 0x00007ff91fa7b000 	C:\WINDOWS\System32\gdi32full.dll
0x00007ff907860000 - 0x00007ff907af2000 	C:\WINDOWS\WinSxS\amd64_microsoft.windows.common-controls_6595b64144ccf1df_6.0.22621.4391_none_2715d37f73803e96\COMCTL32.dll
0x00007ff91fce0000 - 0x00007ff91fd7a000 	C:\WINDOWS\System32\msvcp_win.dll
0x00007ff9189e0000 - 0x00007ff9189ea000 	C:\WINDOWS\SYSTEM32\VERSION.dll
0x00007ff8fcdf0000 - 0x00007ff8fcdfc000 	C:\Program Files\Java\jdk-17\bin\vcruntime140_1.dll
0x00007ff8fcd60000 - 0x00007ff8fcdee000 	C:\Program Files\Java\jdk-17\bin\msvcp140.dll
0x00007ff8fbc70000 - 0x00007ff8fc850000 	C:\Program Files\Java\jdk-17\bin\server\jvm.dll
0x00007ff920f00000 - 0x00007ff920f08000 	C:\WINDOWS\System32\PSAPI.DLL
0x00007ff905290000 - 0x00007ff905299000 	C:\WINDOWS\SYSTEM32\WSOCK32.dll
0x00007ff921a10000 - 0x00007ff921a81000 	C:\WINDOWS\System32\WS2_32.dll
0x00007ff919da0000 - 0x00007ff919dd4000 	C:\WINDOWS\SYSTEM32\WINMM.dll
0x00007ff91e9a0000 - 0x00007ff91e9b8000 	C:\WINDOWS\SYSTEM32\kernel.appcore.dll
0x00007ff8fcd50000 - 0x00007ff8fcd5a000 	C:\Program Files\Java\jdk-17\bin\jimage.dll
0x00007ff919a90000 - 0x00007ff919cc2000 	C:\WINDOWS\SYSTEM32\DBGHELP.DLL
0x00007ff922290000 - 0x00007ff92261f000 	C:\WINDOWS\System32\combase.dll
0x00007ff921fd0000 - 0x00007ff9220a7000 	C:\WINDOWS\System32\OLEAUT32.dll
0x00007ff8fcd10000 - 0x00007ff8fcd42000 	C:\WINDOWS\SYSTEM32\dbgcore.DLL
0x00007ff920290000 - 0x00007ff92030b000 	C:\WINDOWS\System32\bcryptPrimitives.dll
0x00007ff8fcce0000 - 0x00007ff8fcd05000 	C:\Program Files\Java\jdk-17\bin\java.dll
0x00007ff8fcba0000 - 0x00007ff8fcc77000 	C:\Program Files\Java\jdk-17\bin\jsvml.dll
0x00007ff921190000 - 0x00007ff921a06000 	C:\WINDOWS\System32\SHELL32.dll
0x00007ff91d8a0000 - 0x00007ff91e1a3000 	C:\WINDOWS\SYSTEM32\windows.storage.dll
0x00007ff91d760000 - 0x00007ff91d89f000 	C:\WINDOWS\SYSTEM32\wintypes.dll
0x00007ff921ed0000 - 0x00007ff921fc9000 	C:\WINDOWS\System32\SHCORE.dll
0x00007ff920380000 - 0x00007ff9203de000 	C:\WINDOWS\System32\shlwapi.dll
0x00007ff91f890000 - 0x00007ff91f8bb000 	C:\WINDOWS\SYSTEM32\profapi.dll
0x00007ff8fb990000 - 0x00007ff8fb9a9000 	C:\Program Files\Java\jdk-17\bin\net.dll
0x00007ff918fd0000 - 0x00007ff919106000 	C:\WINDOWS\SYSTEM32\WINHTTP.dll
0x00007ff91ee20000 - 0x00007ff91ee89000 	C:\WINDOWS\system32\mswsock.dll
0x00007ff8fb970000 - 0x00007ff8fb986000 	C:\Program Files\Java\jdk-17\bin\nio.dll
0x00007ff8fb950000 - 0x00007ff8fb968000 	C:\Program Files\Java\jdk-17\bin\zip.dll
0x00007ff91e450000 - 0x00007ff91e47d000 	C:\WINDOWS\SYSTEM32\IPHLPAPI.DLL
0x00007ff920ef0000 - 0x00007ff920ef9000 	C:\WINDOWS\System32\NSI.dll
0x00007ff918fb0000 - 0x00007ff918fc9000 	C:\WINDOWS\SYSTEM32\dhcpcsvc6.DLL
0x00007ff918f90000 - 0x00007ff918faf000 	C:\WINDOWS\SYSTEM32\dhcpcsvc.DLL
0x00007ff91e480000 - 0x00007ff91e582000 	C:\WINDOWS\SYSTEM32\DNSAPI.dll
0x00007ff8eddb0000 - 0x00007ff8edf41000 	C:\Program Files\Java\jdk-17\bin\awt.dll
0x00007ff91c340000 - 0x00007ff91c3d7000 	C:\WINDOWS\SYSTEM32\apphelp.dll
0x00007ff8ef3f0000 - 0x00007ff8ef400000 	C:\Program Files\Java\jdk-17\bin\verify.dll
0x00007ff919f00000 - 0x00007ff919f24000 	C:\Windows\Temp\jansi-2.4.1-5e1096af101dbe6c-jansi.dll
0x00007ff8ef3e0000 - 0x00007ff8ef3ee000 	C:\Program Files\Java\jdk-17\bin\sunmscapi.dll
0x00007ff91fb70000 - 0x00007ff91fcd6000 	C:\WINDOWS\System32\CRYPT32.dll
0x00007ff91f230000 - 0x00007ff91f25d000 	C:\WINDOWS\SYSTEM32\ncrypt.dll
0x00007ff91f1f0000 - 0x00007ff91f227000 	C:\WINDOWS\SYSTEM32\NTASN1.dll
0x00007ff91f080000 - 0x00007ff91f09b000 	C:\WINDOWS\SYSTEM32\CRYPTSP.dll
0x00007ff91e900000 - 0x00007ff91e935000 	C:\WINDOWS\system32\rsaenh.dll
0x00007ff91f070000 - 0x00007ff91f07c000 	C:\WINDOWS\SYSTEM32\CRYPTBASE.dll
0x00007ff917c90000 - 0x00007ff917c9a000 	C:\Windows\System32\rasadhlp.dll
0x00007ff918530000 - 0x00007ff9185b3000 	C:\WINDOWS\System32\fwpuclnt.dll

dbghelp: loaded successfully - version: 4.0.5 - missing functions: none
symbol engine: initialized successfully - sym options: 0x614 - pdb path: .;C:\Program Files\Java\jdk-17\bin;C:\WINDOWS\SYSTEM32;C:\WINDOWS\WinSxS\amd64_microsoft.windows.common-controls_6595b64144ccf1df_6.0.22621.4391_none_2715d37f73803e96;C:\Program Files\Java\jdk-17\bin\server;C:\Windows\Temp

VM Arguments:
java_command: jenkins.maven3.agent.Maven35Main C:\Program Files\apache-maven-3.9.9 C:\ProgramData\Jenkins\war\WEB-INF\lib\remoting-3261.v9c670a_4748a_9.jar C:\ProgramData\Jenkins\.jenkins\plugins\maven-plugin\WEB-INF\lib\maven35-interceptor-1.14.jar C:\ProgramData\Jenkins\.jenkins\plugins\maven-plugin\WEB-INF\lib\maven3-interceptor-commons-1.14.jar 60167
java_class_path (initial): C:\ProgramData\Jenkins\.jenkins\plugins\maven-plugin\WEB-INF\lib\maven35-agent-1.14.jar;C:\Program Files\apache-maven-3.9.9\boot\plexus-classworlds-2.8.0.jar;C:\Program Files\apache-maven-3.9.9/conf/logging
Launcher Type: SUN_STANDARD

[Global flags]
     intx CICompilerCount                          = 3                                         {product} {ergonomic}
     uint ConcGCThreads                            = 1                                         {product} {ergonomic}
     uint G1ConcRefinementThreads                  = 4                                         {product} {ergonomic}
   size_t G1HeapRegionSize                         = 1048576                                   {product} {ergonomic}
    uintx GCDrainStackTargetSize                   = 64                                        {product} {ergonomic}
   size_t InitialHeapSize                          = 65011712                                  {product} {ergonomic}
   size_t MarkStackSize                            = 4194304                                   {product} {ergonomic}
   size_t MaxHeapSize                              = 1021313024                                {product} {ergonomic}
   size_t MaxNewSize                               = 612368384                                 {product} {ergonomic}
   size_t MinHeapDeltaBytes                        = 1048576                                   {product} {ergonomic}
   size_t MinHeapSize                              = 8388608                                   {product} {ergonomic}
    uintx NonNMethodCodeHeapSize                   = 5832780                                {pd product} {ergonomic}
    uintx NonProfiledCodeHeapSize                  = 122912730                              {pd product} {ergonomic}
    uintx ProfiledCodeHeapSize                     = 122912730                              {pd product} {ergonomic}
    uintx ReservedCodeCacheSize                    = 251658240                              {pd product} {ergonomic}
     bool SegmentedCodeCache                       = true                                      {product} {ergonomic}
   size_t SoftMaxHeapSize                          = 1021313024                             {manageable} {ergonomic}
     bool UseCompressedClassPointers               = true                           {product lp64_product} {ergonomic}
     bool UseCompressedOops                        = true                           {product lp64_product} {ergonomic}
     bool UseG1GC                                  = true                                      {product} {ergonomic}
     bool UseLargePagesIndividualAllocation        = false                                  {pd product} {ergonomic}

Logging:
Log output configuration:
 #0: stdout all=warning uptime,level,tags
 #1: stderr all=off uptime,level,tags

Environment Variables:
JAVA_HOME=C:\Program Files\Java\jdk-17
PATH=C:\Program Files\apache-maven-3.9.9/bin;C:\Program Files\Java\jdk-17/bin;C:\Program Files\Java\jdk-17/bin;C:\WINDOWS\system32;C:\WINDOWS;C:\WINDOWS\System32\Wbem;C:\WINDOWS\System32\WindowsPowerShell\v1.0\;C:\WINDOWS\System32\OpenSSH\;C:\Program Files (x86)\HP\Common\HPDestPlgIn\;C:\Program Files (x86)\dotnet\;C:\Program Files\Java\jdk-17bin;C:\Program Files\Java\jdk-17\bin;C:\Program Files\Git\cmd;C:\WINDOWS\system32\config\systemprofile\AppData\Local\Microsoft\WindowsApps
USERNAME=LAPTOP-G5IT7DRE$
OS=Windows_NT
PROCESSOR_IDENTIFIER=Intel64 Family 6 Model 140 Stepping 1, GenuineIntel



---------------  S Y S T E M  ---------------

OS:
 Windows 11 , 64 bit Build 22621 (10.0.22621.4391)
OS uptime: 3 days 6:12 hours

CPU: total 4 (initial active 4) (2 cores per cpu, 2 threads per core) family 6 model 140 stepping 1 microcode 0x66, cx8, cmov, fxsr, ht, mmx, 3dnowpref, sse, sse2, sse3, ssse3, sse4.1, sse4.2, popcnt, lzcnt, tsc, tscinvbit, avx, avx2, aes, erms, clmul, bmi1, bmi2, adx, avx512f, avx512dq, avx512cd, avx512bw, avx512vl, sha, fma, vzeroupper, avx512_vpopcntdq, avx512_vpclmulqdq, avx512_vaes, avx512_vnni, clflush, clflushopt, clwb, avx512_vbmi2, avx512_vbmi

Memory: 4k page, system-wide physical 3895M (213M free)
TotalPageFile size 15671M (AvailPageFile size 3M)
current process WorkingSet (physical memory assigned to process): 187M, peak: 242M
current process commit charge ("private bytes"): 353M, peak: 376M

vm_info: Java HotSpot(TM) 64-Bit Server VM (17.0.12+8-LTS-286) for windows-amd64 JRE (17.0.12+8-LTS-286), built on Jun  5 2024 06:46:59 by "mach5one" with MS VC++ 17.6 (VS2022)

END.
