#
# There is insufficient memory for the Java Runtime Environment to continue.
# Native memory allocation (malloc) failed to allocate 32744 bytes for ChunkPool::allocate
# Possible reasons:
#   The system is out of physical RAM or swap space
#   The process is running with CompressedOops enabled, and the Java Heap may be blocking the growth of the native heap
# Possible solutions:
#   Reduce memory load on the system
#   Increase physical memory or swap space
#   Check if swap backing store is full
#   Decrease Java heap size (-Xmx/-Xms)
#   Decrease number of Java threads
#   Decrease Java thread stack sizes (-Xss)
#   Set larger code cache with -XX:ReservedCodeCacheSize=
#   JVM is running with Unscaled Compressed Oops mode in which the Java heap is
#     placed in the first 4GB address space. The Java Heap base address is the
#     maximum limit for the native heap growth. Please use -XX:HeapBaseMinAddress
#     to set the Java Heap base and to place the Java Heap above 4GB virtual address.
# This output file may be truncated or incomplete.
#
#  Out of Memory Error (arena.cpp:78), pid=27864, tid=23580
#
# JRE version: Java(TM) SE Runtime Environment (17.0.12+8) (build 17.0.12+8-LTS-286)
# Java VM: Java HotSpot(TM) 64-Bit Server VM (17.0.12+8-LTS-286, mixed mode, sharing, tiered, compressed oops, compressed class ptrs, g1 gc, windows-amd64)
# No core dump will be written. Minidumps are not enabled by default on client versions of Windows
#

---------------  S U M M A R Y ------------

Command Line: jenkins.maven3.agent.Maven35Main C:\Program Files\apache-maven-3.9.9 C:\ProgramData\Jenkins\war\WEB-INF\lib\remoting-3261.v9c670a_4748a_9.jar C:\ProgramData\Jenkins\.jenkins\plugins\maven-plugin\WEB-INF\lib\maven35-interceptor-1.14.jar C:\ProgramData\Jenkins\.jenkins\plugins\maven-plugin\WEB-INF\lib\maven3-interceptor-commons-1.14.jar 60834

Host: 11th Gen Intel(R) Core(TM) i3-1115G4 @ 3.00GHz, 4 cores, 3G,  Windows 11 , 64 bit Build 22621 (10.0.22621.4391)
Time: Thu Nov 28 17:56:12 2024 Pacific Standard Time elapsed time: 77.258565 seconds (0d 0h 1m 17s)

---------------  T H R E A D  ---------------

Current thread (0x000001a86d47a840):  JavaThread "C1 CompilerThread0" daemon [_thread_in_native, id=23580, stack(0x000000283a100000,0x000000283a200000)]


Current CompileTask:
C1:  77259 6013   !   3       java.util.concurrent.FutureTask::runAndReset (125 bytes)

Stack: [0x000000283a100000,0x000000283a200000]
Native frames: (J=compiled Java code, j=interpreted, Vv=VM code, C=native code)
V  [jvm.dll+0x67a04a]
V  [jvm.dll+0x7da4ed]
V  [jvm.dll+0x7dbe33]
V  [jvm.dll+0x7dc4a3]
V  [jvm.dll+0x24508f]
V  [jvm.dll+0xab9a4]
V  [jvm.dll+0xabd3c]
V  [jvm.dll+0x11cd95]
V  [jvm.dll+0x1790dd]
V  [jvm.dll+0x179ca3]
V  [jvm.dll+0x135633]
V  [jvm.dll+0x134eff]
V  [jvm.dll+0x135148]
V  [jvm.dll+0x1345d1]
V  [jvm.dll+0x1362bd]
V  [jvm.dll+0x22610b]
V  [jvm.dll+0x2242ab]
V  [jvm.dll+0x79075c]
V  [jvm.dll+0x78abea]
V  [jvm.dll+0x678f35]
C  [ucrtbase.dll+0x29333]
C  [KERNEL32.DLL+0x1259d]
C  [ntdll.dll+0x5af38]


---------------  P R O C E S S  ---------------

Threads class SMR info:
_java_thread_list=0x000001a872cff3f0, length=23, elements={
0x000001a85230c3b0, 0x000001a8523c9a50, 0x000001a8523ca610, 0x000001a8523dcdf0,
0x000001a8523dd8b0, 0x000001a8523de270, 0x000001a86d473fb0, 0x000001a86d479f30,
0x000001a86d47a840, 0x000001a86d47d380, 0x000001a86d47dda0, 0x000001a86d47d890,
0x000001a86d47e2b0, 0x000001a86d47e7c0, 0x000001a86d47ce70, 0x000001a86d47ecd0,
0x000001a86d47ba30, 0x000001a8723b56c0, 0x000001a8723b0ad0, 0x000001a8723b5bd0,
0x000001a8723b05c0, 0x000001a8723b2e40, 0x000001a8723b0fe0
}

Java Threads: ( => current thread )
  0x000001a85230c3b0 JavaThread "main" [_thread_blocked, id=7172, stack(0x0000002839300000,0x0000002839400000)]
  0x000001a8523c9a50 JavaThread "Reference Handler" daemon [_thread_blocked, id=29556, stack(0x0000002839a00000,0x0000002839b00000)]
  0x000001a8523ca610 JavaThread "Finalizer" daemon [_thread_blocked, id=25544, stack(0x0000002839b00000,0x0000002839c00000)]
  0x000001a8523dcdf0 JavaThread "Signal Dispatcher" daemon [_thread_blocked, id=4228, stack(0x0000002839c00000,0x0000002839d00000)]
  0x000001a8523dd8b0 JavaThread "Attach Listener" daemon [_thread_blocked, id=27168, stack(0x0000002839d00000,0x0000002839e00000)]
  0x000001a8523de270 JavaThread "Service Thread" daemon [_thread_blocked, id=6156, stack(0x0000002839e00000,0x0000002839f00000)]
  0x000001a86d473fb0 JavaThread "Monitor Deflation Thread" daemon [_thread_blocked, id=28832, stack(0x0000002839f00000,0x000000283a000000)]
  0x000001a86d479f30 JavaThread "C2 CompilerThread0" daemon [_thread_blocked, id=27900, stack(0x000000283a000000,0x000000283a100000)]
=>0x000001a86d47a840 JavaThread "C1 CompilerThread0" daemon [_thread_in_native, id=23580, stack(0x000000283a100000,0x000000283a200000)]
  0x000001a86d47d380 JavaThread "Sweeper thread" daemon [_thread_blocked, id=28984, stack(0x000000283a200000,0x000000283a300000)]
  0x000001a86d47dda0 JavaThread "Notification Thread" daemon [_thread_blocked, id=21832, stack(0x000000283a300000,0x000000283a400000)]
  0x000001a86d47d890 JavaThread "Common-Cleaner" daemon [_thread_blocked, id=27252, stack(0x000000283a500000,0x000000283a600000)]
  0x000001a86d47e2b0 JavaThread "RemoteInvocationHandler [#1]" daemon [_thread_blocked, id=22224, stack(0x000000283a600000,0x000000283a700000)]
  0x000001a86d47e7c0 JavaThread "Channel reader thread: channel" [_thread_in_native, id=29648, stack(0x000000283a700000,0x000000283a800000)]
  0x000001a86d47ce70 JavaThread "pool-1-thread-1" [_thread_blocked, id=10936, stack(0x000000283a800000,0x000000283a900000)]
  0x000001a86d47ecd0 JavaThread "pool-1-thread-2 for channel id=17" [_thread_in_native, id=28808, stack(0x000000283a900000,0x000000283aa00000)]
  0x000001a86d47ba30 JavaThread "pool-1-thread-4" [_thread_blocked, id=22992, stack(0x000000283ab00000,0x000000283ac00000)]
  0x000001a8723b56c0 JavaThread "timeout-check-timer" daemon [_thread_blocked, id=10280, stack(0x000000283b200000,0x000000283b300000)]
  0x000001a8723b0ad0 JavaThread "ping-timer-10s" daemon [_thread_blocked, id=26412, stack(0x000000283b300000,0x000000283b400000)]
  0x000001a8723b5bd0 JavaThread "ThreadedStreamConsumer" daemon [_thread_blocked, id=25980, stack(0x000000283b400000,0x000000283b500000)]
  0x000001a8723b05c0 JavaThread "fork-1-err-thread" daemon [_thread_in_native, id=17684, stack(0x000000283b500000,0x000000283b600000)]
  0x000001a8723b2e40 JavaThread "commands-fork-1" daemon [_thread_blocked, id=28328, stack(0x000000283b600000,0x000000283b700000)]
  0x000001a8723b0fe0 JavaThread "fork-1-event-thread" daemon [_thread_in_native, id=30208, stack(0x000000283b700000,0x000000283b800000)]

Other Threads:
  0x000001a8523c3800 VMThread "VM Thread" [stack: 0x0000002839900000,0x0000002839a00000] [id=26352]
  0x000001a86d6b3650 WatcherThread [stack: 0x000000283a400000,0x000000283a500000] [id=20216]
  0x000001a852346700 GCTaskThread "GC Thread#0" [stack: 0x0000002839400000,0x0000002839500000] [id=27436]
  0x000001a872430730 GCTaskThread "GC Thread#1" [stack: 0x000000283ac00000,0x000000283ad00000] [id=26704]
  0x000001a8724309f0 GCTaskThread "GC Thread#2" [stack: 0x000000283ad00000,0x000000283ae00000] [id=28104]
  0x000001a872430cb0 GCTaskThread "GC Thread#3" [stack: 0x000000283ae00000,0x000000283af00000] [id=8396]
  0x000001a85234f7b0 ConcurrentGCThread "G1 Main Marker" [stack: 0x0000002839500000,0x0000002839600000] [id=24212]
  0x000001a8523511d0 ConcurrentGCThread "G1 Conc#0" [stack: 0x0000002839600000,0x0000002839700000] [id=27472]
  0x000001a8523936d0 ConcurrentGCThread "G1 Refine#0" [stack: 0x0000002839700000,0x0000002839800000] [id=26448]
  0x000001a86d4b4cd0 ConcurrentGCThread "G1 Refine#1" [stack: 0x000000283af00000,0x000000283b000000] [id=29116]
  0x000001a852394100 ConcurrentGCThread "G1 Service" [stack: 0x0000002839800000,0x0000002839900000] [id=30156]

Threads with active compile tasks:
C1 CompilerThread0    77310 6013   !   3       java.util.concurrent.FutureTask::runAndReset (125 bytes)

VM state: not at safepoint (normal execution)

VM Mutex/Monitor currently owned by a thread: None

Heap address: 0x00000000c3200000, size: 974 MB, Compressed Oops mode: 32-bit

CDS archive(s) mapped at: [0x000001a800000000-0x000001a800bd0000-0x000001a800bd0000), size 12386304, SharedBaseAddress: 0x000001a800000000, ArchiveRelocationMode: 1.
Compressed class space mapped at: 0x000001a801000000-0x000001a841000000, reserved size: 1073741824
Narrow klass base: 0x000001a800000000, Narrow klass shift: 0, Narrow klass range: 0x100000000

GC Precious Log:
 CPUs: 4 total, 4 available
 Memory: 3895M
 Large Page Support: Disabled
 NUMA Support: Disabled
 Compressed Oops: Enabled (32-bit)
 Heap Region Size: 1M
 Heap Min Capacity: 8M
 Heap Initial Capacity: 62M
 Heap Max Capacity: 974M
 Pre-touch: Disabled
 Parallel Workers: 4
 Concurrent Workers: 1
 Concurrent Refinement Workers: 4
 Periodic GC: Disabled

Heap:
 garbage-first heap   total 63488K, used 22543K [0x00000000c3200000, 0x0000000100000000)
  region size 1024K, 6 young (6144K), 4 survivors (4096K)
 Metaspace       used 25874K, committed 26304K, reserved 1114112K
  class space    used 2877K, committed 3072K, reserved 1048576K

Heap Regions: E=young(eden), S=young(survivor), O=old, HS=humongous(starts), HC=humongous(continues), CS=collection set, F=free, OA=open archive, CA=closed archive, TAMS=top-at-mark-start (previous, next)
|   0|0x00000000c3200000, 0x00000000c3300000, 0x00000000c3300000|100%|HS|  |TAMS 0x00000000c3300000, 0x00000000c3200000| Complete 
|   1|0x00000000c3300000, 0x00000000c3400000, 0x00000000c3400000|100%|HC|  |TAMS 0x00000000c3400000, 0x00000000c3300000| Complete 
|   2|0x00000000c3400000, 0x00000000c3500000, 0x00000000c3500000|100%|HS|  |TAMS 0x00000000c3500000, 0x00000000c3400000| Complete 
|   3|0x00000000c3500000, 0x00000000c3600000, 0x00000000c3600000|100%|HC|  |TAMS 0x00000000c3600000, 0x00000000c3500000| Complete 
|   4|0x00000000c3600000, 0x00000000c3700000, 0x00000000c3700000|100%| O|  |TAMS 0x00000000c3700000, 0x00000000c3600000| Untracked 
|   5|0x00000000c3700000, 0x00000000c3800000, 0x00000000c3800000|100%| O|  |TAMS 0x00000000c3800000, 0x00000000c3700000| Untracked 
|   6|0x00000000c3800000, 0x00000000c3900000, 0x00000000c3900000|100%| O|  |TAMS 0x00000000c3900000, 0x00000000c3800000| Untracked 
|   7|0x00000000c3900000, 0x00000000c3a00000, 0x00000000c3a00000|100%| O|  |TAMS 0x00000000c3a00000, 0x00000000c3900000| Untracked 
|   8|0x00000000c3a00000, 0x00000000c3b00000, 0x00000000c3b00000|100%| O|  |TAMS 0x00000000c3b00000, 0x00000000c3a00000| Untracked 
|   9|0x00000000c3b00000, 0x00000000c3c00000, 0x00000000c3c00000|100%| O|  |TAMS 0x00000000c3c00000, 0x00000000c3b00000| Untracked 
|  10|0x00000000c3c00000, 0x00000000c3d00000, 0x00000000c3d00000|100%| O|  |TAMS 0x00000000c3d00000, 0x00000000c3c00000| Untracked 
|  11|0x00000000c3d00000, 0x00000000c3e00000, 0x00000000c3e00000|100%| O|  |TAMS 0x00000000c3e00000, 0x00000000c3d00000| Untracked 
|  12|0x00000000c3e00000, 0x00000000c3f00000, 0x00000000c3f00000|100%| O|  |TAMS 0x00000000c3f00000, 0x00000000c3e00000| Untracked 
|  13|0x00000000c3f00000, 0x00000000c4000000, 0x00000000c4000000|100%| O|  |TAMS 0x00000000c4000000, 0x00000000c3f00000| Untracked 
|  14|0x00000000c4000000, 0x00000000c4100000, 0x00000000c4100000|100%| O|  |TAMS 0x00000000c40c0400, 0x00000000c4000000| Untracked 
|  15|0x00000000c4100000, 0x00000000c4200000, 0x00000000c4200000|100%| O|  |TAMS 0x00000000c4100000, 0x00000000c4100000| Untracked 
|  16|0x00000000c4200000, 0x00000000c4300000, 0x00000000c4300000|100%| O|  |TAMS 0x00000000c4200000, 0x00000000c4200000| Untracked 
|  17|0x00000000c4300000, 0x00000000c43cee00, 0x00000000c4400000| 80%| O|  |TAMS 0x00000000c4300000, 0x00000000c4300000| Untracked 
|  18|0x00000000c4400000, 0x00000000c4400000, 0x00000000c4500000|  0%| F|  |TAMS 0x00000000c4400000, 0x00000000c4400000| Untracked 
|  19|0x00000000c4500000, 0x00000000c4500000, 0x00000000c4600000|  0%| F|  |TAMS 0x00000000c4500000, 0x00000000c4500000| Untracked 
|  20|0x00000000c4600000, 0x00000000c4600000, 0x00000000c4700000|  0%| F|  |TAMS 0x00000000c4600000, 0x00000000c4600000| Untracked 
|  21|0x00000000c4700000, 0x00000000c4700000, 0x00000000c4800000|  0%| F|  |TAMS 0x00000000c4700000, 0x00000000c4700000| Untracked 
|  22|0x00000000c4800000, 0x00000000c4800000, 0x00000000c4900000|  0%| F|  |TAMS 0x00000000c4800000, 0x00000000c4800000| Untracked 
|  23|0x00000000c4900000, 0x00000000c4900000, 0x00000000c4a00000|  0%| F|  |TAMS 0x00000000c4900000, 0x00000000c4900000| Untracked 
|  24|0x00000000c4a00000, 0x00000000c4a00000, 0x00000000c4b00000|  0%| F|  |TAMS 0x00000000c4a00000, 0x00000000c4a00000| Untracked 
|  25|0x00000000c4b00000, 0x00000000c4b00000, 0x00000000c4c00000|  0%| F|  |TAMS 0x00000000c4b00000, 0x00000000c4b00000| Untracked 
|  26|0x00000000c4c00000, 0x00000000c4c00000, 0x00000000c4d00000|  0%| F|  |TAMS 0x00000000c4c00000, 0x00000000c4c00000| Untracked 
|  27|0x00000000c4d00000, 0x00000000c4d00000, 0x00000000c4e00000|  0%| F|  |TAMS 0x00000000c4d00000, 0x00000000c4d00000| Untracked 
|  28|0x00000000c4e00000, 0x00000000c4e00000, 0x00000000c4f00000|  0%| F|  |TAMS 0x00000000c4e00000, 0x00000000c4e00000| Untracked 
|  29|0x00000000c4f00000, 0x00000000c4f00000, 0x00000000c5000000|  0%| F|  |TAMS 0x00000000c4f00000, 0x00000000c4f00000| Untracked 
|  30|0x00000000c5000000, 0x00000000c5034e68, 0x00000000c5100000| 20%| S|CS|TAMS 0x00000000c5000000, 0x00000000c5000000| Complete 
|  31|0x00000000c5100000, 0x00000000c5200000, 0x00000000c5200000|100%| S|CS|TAMS 0x00000000c5100000, 0x00000000c5100000| Complete 
|  32|0x00000000c5200000, 0x00000000c5300000, 0x00000000c5300000|100%| S|CS|TAMS 0x00000000c5200000, 0x00000000c5200000| Complete 
|  33|0x00000000c5300000, 0x00000000c5400000, 0x00000000c5400000|100%| S|CS|TAMS 0x00000000c5300000, 0x00000000c5300000| Complete 
|  34|0x00000000c5400000, 0x00000000c5400000, 0x00000000c5500000|  0%| F|  |TAMS 0x00000000c5400000, 0x00000000c5400000| Untracked 
|  35|0x00000000c5500000, 0x00000000c5500000, 0x00000000c5600000|  0%| F|  |TAMS 0x00000000c5500000, 0x00000000c5500000| Untracked 
|  36|0x00000000c5600000, 0x00000000c5600000, 0x00000000c5700000|  0%| F|  |TAMS 0x00000000c5600000, 0x00000000c5600000| Untracked 
|  37|0x00000000c5700000, 0x00000000c5700000, 0x00000000c5800000|  0%| F|  |TAMS 0x00000000c5700000, 0x00000000c5700000| Untracked 
|  38|0x00000000c5800000, 0x00000000c5800000, 0x00000000c5900000|  0%| F|  |TAMS 0x00000000c5800000, 0x00000000c5800000| Untracked 
|  39|0x00000000c5900000, 0x00000000c5900000, 0x00000000c5a00000|  0%| F|  |TAMS 0x00000000c5900000, 0x00000000c5900000| Untracked 
|  40|0x00000000c5a00000, 0x00000000c5a00000, 0x00000000c5b00000|  0%| F|  |TAMS 0x00000000c5a00000, 0x00000000c5a00000| Untracked 
|  41|0x00000000c5b00000, 0x00000000c5b00000, 0x00000000c5c00000|  0%| F|  |TAMS 0x00000000c5b00000, 0x00000000c5b00000| Untracked 
|  42|0x00000000c5c00000, 0x00000000c5c00000, 0x00000000c5d00000|  0%| F|  |TAMS 0x00000000c5c00000, 0x00000000c5c00000| Untracked 
|  43|0x00000000c5d00000, 0x00000000c5d00000, 0x00000000c5e00000|  0%| F|  |TAMS 0x00000000c5d00000, 0x00000000c5d00000| Untracked 
|  44|0x00000000c5e00000, 0x00000000c5e00000, 0x00000000c5f00000|  0%| F|  |TAMS 0x00000000c5e00000, 0x00000000c5e00000| Untracked 
|  45|0x00000000c5f00000, 0x00000000c5f00000, 0x00000000c6000000|  0%| F|  |TAMS 0x00000000c5f00000, 0x00000000c5f00000| Untracked 
|  46|0x00000000c6000000, 0x00000000c6000000, 0x00000000c6100000|  0%| F|  |TAMS 0x00000000c6000000, 0x00000000c6000000| Untracked 
|  47|0x00000000c6100000, 0x00000000c6100000, 0x00000000c6200000|  0%| F|  |TAMS 0x00000000c6100000, 0x00000000c6100000| Untracked 
|  48|0x00000000c6200000, 0x00000000c6200000, 0x00000000c6300000|  0%| F|  |TAMS 0x00000000c6200000, 0x00000000c6200000| Untracked 
|  49|0x00000000c6300000, 0x00000000c6300000, 0x00000000c6400000|  0%| F|  |TAMS 0x00000000c6300000, 0x00000000c6300000| Untracked 
|  50|0x00000000c6400000, 0x00000000c6400000, 0x00000000c6500000|  0%| F|  |TAMS 0x00000000c6400000, 0x00000000c6400000| Untracked 
|  51|0x00000000c6500000, 0x00000000c6500000, 0x00000000c6600000|  0%| F|  |TAMS 0x00000000c6500000, 0x00000000c6500000| Untracked 
|  52|0x00000000c6600000, 0x00000000c6600000, 0x00000000c6700000|  0%| F|  |TAMS 0x00000000c6600000, 0x00000000c6600000| Untracked 
|  53|0x00000000c6700000, 0x00000000c6700000, 0x00000000c6800000|  0%| F|  |TAMS 0x00000000c6700000, 0x00000000c6700000| Untracked 
|  54|0x00000000c6800000, 0x00000000c6800000, 0x00000000c6900000|  0%| F|  |TAMS 0x00000000c6800000, 0x00000000c6800000| Untracked 
|  55|0x00000000c6900000, 0x00000000c6900000, 0x00000000c6a00000|  0%| F|  |TAMS 0x00000000c6900000, 0x00000000c6900000| Untracked 
|  56|0x00000000c6a00000, 0x00000000c6a00000, 0x00000000c6b00000|  0%| F|  |TAMS 0x00000000c6a00000, 0x00000000c6a00000| Untracked 
|  57|0x00000000c6b00000, 0x00000000c6b00000, 0x00000000c6c00000|  0%| F|  |TAMS 0x00000000c6b00000, 0x00000000c6b00000| Untracked 
|  58|0x00000000c6c00000, 0x00000000c6c00000, 0x00000000c6d00000|  0%| F|  |TAMS 0x00000000c6c00000, 0x00000000c6c00000| Untracked 
|  59|0x00000000c6d00000, 0x00000000c6d00000, 0x00000000c6e00000|  0%| F|  |TAMS 0x00000000c6d00000, 0x00000000c6d00000| Untracked 
|  60|0x00000000c6e00000, 0x00000000c6ed42a0, 0x00000000c6f00000| 82%| E|  |TAMS 0x00000000c6e00000, 0x00000000c6e00000| Complete 
|  61|0x00000000c6f00000, 0x00000000c7000000, 0x00000000c7000000|100%| E|CS|TAMS 0x00000000c6f00000, 0x00000000c6f00000| Complete 

Card table byte_map: [0x000001a868dc0000,0x000001a868fb0000] _byte_map_base: 0x000001a8687a7000

Marking Bits (Prev, Next): (CMBitMap*) 0x000001a852346d60, (CMBitMap*) 0x000001a852346d20
 Prev Bits: [0x000001a86a0e0000, 0x000001a86b018000)
 Next Bits: [0x000001a8691a0000, 0x000001a86a0d8000)

Polling page: 0x000001a851630000

Metaspace:

Usage:
  Non-class:     22.46 MB used.
      Class:      2.81 MB used.
       Both:     25.27 MB used.

Virtual space:
  Non-class space:       64.00 MB reserved,      22.69 MB ( 35%) committed,  1 nodes.
      Class space:        1.00 GB reserved,       3.00 MB ( <1%) committed,  1 nodes.
             Both:        1.06 GB reserved,      25.69 MB (  2%) committed. 

Chunk freelists:
   Non-Class:  8.39 MB
       Class:  13.00 MB
        Both:  21.39 MB

MaxMetaspaceSize: unlimited
CompressedClassSpaceSize: 1.00 GB
Initial GC threshold: 21.00 MB
Current GC threshold: 35.31 MB
CDS: on
MetaspaceReclaimPolicy: balanced
 - commit_granule_bytes: 65536.
 - commit_granule_words: 8192.
 - virtual_space_node_default_size: 8388608.
 - enlarge_chunks_in_place: 1.
 - new_chunks_are_fully_committed: 0.
 - uncommit_free_chunks: 1.
 - use_allocation_guard: 0.
 - handle_deallocations: 1.


Internal statistics:

num_allocs_failed_limit: 3.
num_arena_births: 398.
num_arena_deaths: 0.
num_vsnodes_births: 2.
num_vsnodes_deaths: 0.
num_space_committed: 411.
num_space_uncommitted: 0.
num_chunks_returned_to_freelist: 3.
num_chunks_taken_from_freelist: 1425.
num_chunk_merges: 3.
num_chunk_splits: 893.
num_chunks_enlarged: 576.
num_inconsistent_stats: 0.

CodeHeap 'non-profiled nmethods': size=120000Kb used=3248Kb max_used=3248Kb free=116751Kb
 bounds [0x000001a8616a0000, 0x000001a8619e0000, 0x000001a868bd0000]
CodeHeap 'profiled nmethods': size=120000Kb used=11363Kb max_used=11988Kb free=108636Kb
 bounds [0x000001a859bd0000, 0x000001a85a790000, 0x000001a861100000]
CodeHeap 'non-nmethods': size=5760Kb used=1246Kb max_used=1288Kb free=4513Kb
 bounds [0x000001a861100000, 0x000001a861370000, 0x000001a8616a0000]
 total_blobs=5828 nmethods=5283 adapters=457
 compilation: enabled
              stopped_count=0, restarted_count=0
 full_count=0

Compilation events (20 events):
Event: 72.852 Thread 0x000001a86d47a840 nmethod 6003 0x000001a85a319110 code [0x000001a85a3192a0, 0x000001a85a319418]
Event: 75.078 Thread 0x000001a86d47a840 6004       3       java.util.concurrent.locks.AbstractQueuedSynchronizer::acquire (20 bytes)
Event: 75.079 Thread 0x000001a86d47a840 nmethod 6004 0x000001a85a318c10 code [0x000001a85a318dc0, 0x000001a85a319038]
Event: 76.406 Thread 0x000001a86d47a840 6005       3       java.util.concurrent.locks.AbstractQueuedSynchronizer$Node::<init> (5 bytes)
Event: 76.406 Thread 0x000001a86d47a840 nmethod 6005 0x000001a85a318890 code [0x000001a85a318a20, 0x000001a85a318b78]
Event: 77.020 Thread 0x000001a86d47a840 6006       3       java.util.concurrent.locks.AbstractQueuedSynchronizer$Node::clearStatus (12 bytes)
Event: 77.021 Thread 0x000001a86d47a840 nmethod 6006 0x000001a85a318490 code [0x000001a85a318640, 0x000001a85a318808]
Event: 77.021 Thread 0x000001a86d47a840 6007       3       java.util.concurrent.ScheduledThreadPoolExecutor::triggerTime (22 bytes)
Event: 77.021 Thread 0x000001a86d47a840 nmethod 6007 0x000001a85a318010 code [0x000001a85a3181c0, 0x000001a85a3183a8]
Event: 77.021 Thread 0x000001a86d47a840 6008       3       java.util.concurrent.ScheduledThreadPoolExecutor$DelayedWorkQueue::add (9 bytes)
Event: 77.022 Thread 0x000001a86d47a840 nmethod 6008 0x000001a85a317a90 code [0x000001a85a317c40, 0x000001a85a317f08]
Event: 77.022 Thread 0x000001a86d47a840 6009       3       java.util.concurrent.ScheduledThreadPoolExecutor$DelayedWorkQueue::add (6 bytes)
Event: 77.022 Thread 0x000001a86d47a840 nmethod 6009 0x000001a85a317710 code [0x000001a85a3178c0, 0x000001a85a317a08]
Event: 77.123 Thread 0x000001a86d47a840 6010       3       java.util.concurrent.Executors$RunnableAdapter::call (14 bytes)
Event: 77.123 Thread 0x000001a86d47a840 nmethod 6010 0x000001a85a317290 code [0x000001a85a317440, 0x000001a85a317628]
Event: 77.225 Thread 0x000001a86d47a840 6011       3       java.util.concurrent.ScheduledThreadPoolExecutor$DelayedWorkQueue::finishPoll (43 bytes)
Event: 77.228 Thread 0x000001a86d47a840 nmethod 6011 0x000001a85a380f90 code [0x000001a85a381160, 0x000001a85a381768]
Event: 77.228 Thread 0x000001a86d47a840 6012       3       java.util.concurrent.ScheduledThreadPoolExecutor$ScheduledFutureTask::run (57 bytes)
Event: 77.230 Thread 0x000001a86d47a840 nmethod 6012 0x000001a85a380790 code [0x000001a85a3809a0, 0x000001a85a380e18]
Event: 77.230 Thread 0x000001a86d47a840 6013   !   3       java.util.concurrent.FutureTask::runAndReset (125 bytes)

GC Heap History (20 events):
Event: 8.726 GC heap before
{Heap before GC invocations=1 (full 0):
 garbage-first heap   total 63488K, used 18682K [0x00000000c3200000, 0x0000000100000000)
  region size 1024K, 14 young (14336K), 2 survivors (2048K)
 Metaspace       used 5509K, committed 5696K, reserved 1114112K
  class space    used 541K, committed 640K, reserved 1048576K
}
Event: 8.728 GC heap after
{Heap after GC invocations=2 (full 0):
 garbage-first heap   total 63488K, used 8400K [0x00000000c3200000, 0x0000000100000000)
  region size 1024K, 1 young (1024K), 1 survivors (1024K)
 Metaspace       used 5509K, committed 5696K, reserved 1114112K
  class space    used 541K, committed 640K, reserved 1048576K
}
Event: 9.703 GC heap before
{Heap before GC invocations=2 (full 0):
 garbage-first heap   total 63488K, used 29904K [0x00000000c3200000, 0x0000000100000000)
  region size 1024K, 23 young (23552K), 1 survivors (1024K)
 Metaspace       used 9561K, committed 9920K, reserved 1114112K
  class space    used 1073K, committed 1216K, reserved 1048576K
}
Event: 9.706 GC heap after
{Heap after GC invocations=3 (full 0):
 garbage-first heap   total 63488K, used 9822K [0x00000000c3200000, 0x0000000100000000)
  region size 1024K, 3 young (3072K), 3 survivors (3072K)
 Metaspace       used 9561K, committed 9920K, reserved 1114112K
  class space    used 1073K, committed 1216K, reserved 1048576K
}
Event: 10.828 GC heap before
{Heap before GC invocations=3 (full 0):
 garbage-first heap   total 63488K, used 40542K [0x00000000c3200000, 0x0000000100000000)
  region size 1024K, 34 young (34816K), 3 survivors (3072K)
 Metaspace       used 13743K, committed 14080K, reserved 1114112K
  class space    used 1596K, committed 1792K, reserved 1048576K
}
Event: 10.837 GC heap after
{Heap after GC invocations=4 (full 0):
 garbage-first heap   total 63488K, used 11399K [0x00000000c3200000, 0x0000000100000000)
  region size 1024K, 4 young (4096K), 4 survivors (4096K)
 Metaspace       used 13743K, committed 14080K, reserved 1114112K
  class space    used 1596K, committed 1792K, reserved 1048576K
}
Event: 16.967 GC heap before
{Heap before GC invocations=4 (full 0):
 garbage-first heap   total 63488K, used 45191K [0x00000000c3200000, 0x0000000100000000)
  region size 1024K, 37 young (37888K), 4 survivors (4096K)
 Metaspace       used 19260K, committed 19648K, reserved 1114112K
  class space    used 2276K, committed 2496K, reserved 1048576K
}
Event: 16.995 GC heap after
{Heap after GC invocations=5 (full 0):
 garbage-first heap   total 63488K, used 14406K [0x00000000c3200000, 0x0000000100000000)
  region size 1024K, 5 young (5120K), 5 survivors (5120K)
 Metaspace       used 19260K, committed 19648K, reserved 1114112K
  class space    used 2276K, committed 2496K, reserved 1048576K
}
Event: 20.494 GC heap before
{Heap before GC invocations=5 (full 0):
 garbage-first heap   total 63488K, used 45126K [0x00000000c3200000, 0x0000000100000000)
  region size 1024K, 35 young (35840K), 5 survivors (5120K)
 Metaspace       used 19840K, committed 20224K, reserved 1114112K
  class space    used 2309K, committed 2496K, reserved 1048576K
}
Event: 20.505 GC heap after
{Heap after GC invocations=6 (full 0):
 garbage-first heap   total 63488K, used 15564K [0x00000000c3200000, 0x0000000100000000)
  region size 1024K, 2 young (2048K), 2 survivors (2048K)
 Metaspace       used 19840K, committed 20224K, reserved 1114112K
  class space    used 2309K, committed 2496K, reserved 1048576K
}
Event: 24.619 GC heap before
{Heap before GC invocations=6 (full 0):
 garbage-first heap   total 63488K, used 47308K [0x00000000c3200000, 0x0000000100000000)
  region size 1024K, 33 young (33792K), 2 survivors (2048K)
 Metaspace       used 20083K, committed 20416K, reserved 1114112K
  class space    used 2310K, committed 2496K, reserved 1048576K
}
Event: 24.628 GC heap after
{Heap after GC invocations=7 (full 0):
 garbage-first heap   total 63488K, used 16744K [0x00000000c3200000, 0x0000000100000000)
  region size 1024K, 3 young (3072K), 3 survivors (3072K)
 Metaspace       used 20083K, committed 20416K, reserved 1114112K
  class space    used 2310K, committed 2496K, reserved 1048576K
}
Event: 27.038 GC heap before
{Heap before GC invocations=7 (full 0):
 garbage-first heap   total 63488K, used 48488K [0x00000000c3200000, 0x0000000100000000)
  region size 1024K, 34 young (34816K), 3 survivors (3072K)
 Metaspace       used 20512K, committed 20928K, reserved 1114112K
  class space    used 2324K, committed 2560K, reserved 1048576K
}
Event: 27.042 GC heap after
{Heap after GC invocations=8 (full 0):
 garbage-first heap   total 63488K, used 17767K [0x00000000c3200000, 0x0000000100000000)
  region size 1024K, 3 young (3072K), 3 survivors (3072K)
 Metaspace       used 20512K, committed 20928K, reserved 1114112K
  class space    used 2324K, committed 2560K, reserved 1048576K
}
Event: 29.035 GC heap before
{Heap before GC invocations=8 (full 0):
 garbage-first heap   total 63488K, used 31079K [0x00000000c3200000, 0x0000000100000000)
  region size 1024K, 17 young (17408K), 3 survivors (3072K)
 Metaspace       used 21164K, committed 21504K, reserved 1114112K
  class space    used 2414K, committed 2624K, reserved 1048576K
}
Event: 29.039 GC heap after
{Heap after GC invocations=9 (full 0):
 garbage-first heap   total 63488K, used 18533K [0x00000000c3200000, 0x0000000100000000)
  region size 1024K, 4 young (4096K), 4 survivors (4096K)
 Metaspace       used 21164K, committed 21504K, reserved 1114112K
  class space    used 2414K, committed 2624K, reserved 1048576K
}
Event: 49.072 GC heap before
{Heap before GC invocations=10 (full 0):
 garbage-first heap   total 63488K, used 49253K [0x00000000c3200000, 0x0000000100000000)
  region size 1024K, 34 young (34816K), 4 survivors (4096K)
 Metaspace       used 23000K, committed 23360K, reserved 1114112K
  class space    used 2572K, committed 2752K, reserved 1048576K
}
Event: 49.127 GC heap after
{Heap after GC invocations=11 (full 0):
 garbage-first heap   total 63488K, used 20186K [0x00000000c3200000, 0x0000000100000000)
  region size 1024K, 4 young (4096K), 4 survivors (4096K)
 Metaspace       used 23000K, committed 23360K, reserved 1114112K
  class space    used 2572K, committed 2752K, reserved 1048576K
}
Event: 51.360 GC heap before
{Heap before GC invocations=11 (full 0):
 garbage-first heap   total 63488K, used 48858K [0x00000000c3200000, 0x0000000100000000)
  region size 1024K, 32 young (32768K), 4 survivors (4096K)
 Metaspace       used 25575K, committed 26048K, reserved 1114112K
  class space    used 2842K, committed 3072K, reserved 1048576K
}
Event: 51.366 GC heap after
{Heap after GC invocations=12 (full 0):
 garbage-first heap   total 63488K, used 21519K [0x00000000c3200000, 0x0000000100000000)
  region size 1024K, 4 young (4096K), 4 survivors (4096K)
 Metaspace       used 25575K, committed 26048K, reserved 1114112K
  class space    used 2842K, committed 3072K, reserved 1048576K
}

Deoptimization events (20 events):
Event: 51.379 Thread 0x000001a8723b05c0 Uncommon trap: trap_request=0xffffff45 fr.pc=0x000001a861876800 relative=0x0000000000000080
Event: 51.379 Thread 0x000001a8723b05c0 Uncommon trap: reason=unstable_if action=reinterpret pc=0x000001a861876800 method=java.lang.String.codePointAt(I)I @ 4 c2
Event: 51.379 Thread 0x000001a8723b05c0 DEOPT PACKING pc=0x000001a861876800 sp=0x000000283b5ff310
Event: 51.379 Thread 0x000001a8723b05c0 DEOPT UNPACKING pc=0x000001a861155ba3 sp=0x000000283b5ff2b8 mode 2
Event: 54.029 Thread 0x000001a8723b0fe0 Uncommon trap: trap_request=0xffffff45 fr.pc=0x000001a8617e5714 relative=0x0000000000000094
Event: 54.029 Thread 0x000001a8723b0fe0 Uncommon trap: reason=unstable_if action=reinterpret pc=0x000001a8617e5714 method=jdk.internal.misc.Unsafe.getLongUnaligned(Ljava/lang/Object;J)J @ 7 c2
Event: 54.029 Thread 0x000001a8723b0fe0 DEOPT PACKING pc=0x000001a8617e5714 sp=0x000000283b7ff030
Event: 54.029 Thread 0x000001a8723b0fe0 DEOPT UNPACKING pc=0x000001a861155ba3 sp=0x000000283b7fefe0 mode 2
Event: 54.033 Thread 0x000001a8723b0fe0 DEOPT PACKING pc=0x000001a85a642549 sp=0x000000283b7ff1c0
Event: 54.033 Thread 0x000001a8723b0fe0 DEOPT UNPACKING pc=0x000001a8611566e3 sp=0x000000283b7fe628 mode 3
Event: 54.037 Thread 0x000001a8723b5bd0 DEOPT PACKING pc=0x000001a859c72f08 sp=0x000000283b4fdb30
Event: 54.037 Thread 0x000001a8723b5bd0 DEOPT UNPACKING pc=0x000001a8611566e3 sp=0x000000283b4fd048 mode 0
Event: 54.143 Thread 0x000001a8723b0fe0 DEOPT PACKING pc=0x000001a859fa6f9a sp=0x000000283b7ff180
Event: 54.143 Thread 0x000001a8723b0fe0 DEOPT UNPACKING pc=0x000001a8611566e3 sp=0x000000283b7fe628 mode 3
Event: 60.679 Thread 0x000001a86d47e2b0 Uncommon trap: trap_request=0xffffff45 fr.pc=0x000001a861753618 relative=0x0000000000001638
Event: 60.679 Thread 0x000001a86d47e2b0 Uncommon trap: reason=unstable_if action=reinterpret pc=0x000001a861753618 method=hudson.remoting.RemoteInvocationHandler$Unexporter.run()V @ 83 c2
Event: 60.703 Thread 0x000001a86d47e2b0 DEOPT PACKING pc=0x000001a861753618 sp=0x000000283a6ff230
Event: 60.712 Thread 0x000001a86d47e2b0 DEOPT UNPACKING pc=0x000001a861155ba3 sp=0x000000283a6ff1f0 mode 2
Event: 67.157 Thread 0x000001a86d47e2b0 DEOPT PACKING pc=0x000001a859c64d29 sp=0x000000283a6ff0c0
Event: 67.161 Thread 0x000001a86d47e2b0 DEOPT UNPACKING pc=0x000001a8611566e3 sp=0x000000283a6fe6e8 mode 0

Classes unloaded (0 events):
No events

Classes redefined (0 events):
No events

Internal exceptions (20 events):
Event: 14.841 Thread 0x000001a86d47ecd0 Implicit null exception at 0x000001a86177f40f to 0x000001a86177f489
Event: 14.988 Thread 0x000001a86d47ce70 Exception <a 'java/lang/NoSuchMethodError'{0x00000000c5547528}: static Lhudson/maven/SplittableBuildListener$SendMark;.<clinit>()V> (0x00000000c5547528) 
thrown [s\open\src\hotspot\share\prims\jni.cpp, line 1112]
Event: 27.006 Thread 0x000001a86d47ecd0 Implicit null exception at 0x000001a86178690c to 0x000001a861786ce0
Event: 27.006 Thread 0x000001a86d47ecd0 Implicit null exception at 0x000001a861736a8e to 0x000001a861736e58
Event: 28.480 Thread 0x000001a86d47ecd0 Exception <a 'java/lang/NoSuchMethodError'{0x00000000c6a16c38}: 'java.lang.Object java.lang.invoke.DirectMethodHandle$Holder.newInvokeSpecial(java.lang.Object, java.lang.Object, java.lang.Object, java.lang.Object, java.lang.Object, java.lang.Object, java.lang.Object)'> (0x00000000c6a16c38) 
thrown [s\open\src\hotspot\share\interpreter\linkResolver.cpp, line 759]
Event: 28.483 Thread 0x000001a86d47ecd0 Exception <a 'java/lang/NoSuchMethodError'{0x00000000c6a1b548}: 'java.lang.Object java.lang.invoke.Invokers$Holder.linkToTargetMethod(java.lang.Object, java.lang.Object, java.lang.Object, java.lang.Object, java.lang.Object, java.lang.Object, java.lang.Object)'> (0x00000000c6a1b548) 
thrown [s\open\src\hotspot\share\interpreter\linkResolver.cpp, line 759]
Event: 29.014 Thread 0x000001a86d47ecd0 Exception <a 'java/lang/NoSuchMethodError'{0x00000000c63c71e8}: 'int java.lang.invoke.DirectMethodHandle$Holder.invokeVirtual(java.lang.Object, java.lang.Object)'> (0x00000000c63c71e8) 
thrown [s\open\src\hotspot\share\interpreter\linkResolver.cpp, line 759]
Event: 29.058 Thread 0x000001a86d47ecd0 Exception <a 'java/lang/NoSuchMethodError'{0x00000000c6fa2610}: 'int java.lang.invoke.DirectMethodHandle$Holder.invokeStatic(java.lang.Object, java.lang.Object, int)'> (0x00000000c6fa2610) 
thrown [s\open\src\hotspot\share\interpreter\linkResolver.cpp, line 759]
Event: 29.078 Thread 0x000001a86d47ecd0 Implicit null exception at 0x000001a8616d10f2 to 0x000001a8616d172c
Event: 29.142 Thread 0x000001a86d47ecd0 Implicit null exception at 0x000001a8617005f2 to 0x000001a861700c44
Event: 49.976 Thread 0x000001a872254300 Exception <a 'java/lang/NoSuchMethodError'{0x00000000c621bbd0}: 'java.lang.Object java.lang.invoke.DirectMethodHandle$Holder.invokeStatic(java.lang.Object, java.lang.Object, long, java.lang.Object)'> (0x00000000c621bbd0) 
thrown [s\open\src\hotspot\share\interpreter\linkResolver.cpp, line 759]
Event: 49.980 Thread 0x000001a872254300 Exception <a 'java/lang/NoSuchMethodError'{0x00000000c62a7988}: 'java.lang.Object java.lang.invoke.DirectMethodHandle$Holder.invokeStaticInit(java.lang.Object, java.lang.Object, long, java.lang.Object)'> (0x00000000c62a7988) 
thrown [s\open\src\hotspot\share\interpreter\linkResolver.cpp, line 759]
Event: 49.987 Thread 0x000001a872254300 Exception <a 'java/lang/NoSuchMethodError'{0x00000000c62adf98}: 'java.lang.Object java.lang.invoke.DirectMethodHandle$Holder.newInvokeSpecial(java.lang.Object, java.lang.Object, long)'> (0x00000000c62adf98) 
thrown [s\open\src\hotspot\share\interpreter\linkResolver.cpp, line 759]
Event: 49.987 Thread 0x000001a872254300 Exception <a 'java/lang/NoSuchMethodError'{0x00000000c62b1b08}: 'java.lang.Object java.lang.invoke.Invokers$Holder.linkToTargetMethod(java.lang.Object, long, java.lang.Object)'> (0x00000000c62b1b08) 
thrown [s\open\src\hotspot\share\interpreter\linkResolver.cpp, line 759]
Event: 50.043 Thread 0x000001a86d47ecd0 Exception <a 'java/lang/NoSuchMethodError'{0x00000000c6197d60}: 'int java.lang.invoke.DirectMethodHandle$Holder.invokeInterface(java.lang.Object, java.lang.Object)'> (0x00000000c6197d60) 
thrown [s\open\src\hotspot\share\interpreter\linkResolver.cpp, line 759]
Event: 50.451 Thread 0x000001a86d47ecd0 Exception <a 'java/lang/NoSuchMethodError'{0x00000000c608f130}: 'java.lang.Object java.lang.invoke.DirectMethodHandle$Holder.invokeStaticInit(java.lang.Object, java.lang.Object, int, int, int, int)'> (0x00000000c608f130) 
thrown [s\open\src\hotspot\share\interpreter\linkResolver.cpp, line 759]
Event: 50.605 Thread 0x000001a86d47ecd0 Implicit null exception at 0x000001a86181ab56 to 0x000001a86181b568
Event: 50.672 Thread 0x000001a86d47ecd0 Exception <a 'java/lang/NoSuchMethodError'{0x00000000c592b560}: 'java.lang.Object java.lang.invoke.DirectMethodHandle$Holder.invokeStatic(java.lang.Object, int, java.lang.Object)'> (0x00000000c592b560) 
thrown [s\open\src\hotspot\share\interpreter\linkResolver.cpp, line 759]
Event: 51.333 Thread 0x000001a86d47ecd0 Exception <a 'java/lang/NoSuchMethodError'{0x00000000c55a37c8}: 'void java.lang.invoke.DirectMethodHandle$Holder.invokeStatic(java.lang.Object, long)'> (0x00000000c55a37c8) 
thrown [s\open\src\hotspot\share\interpreter\linkResolver.cpp, line 759]
Event: 51.336 Thread 0x000001a86d47ecd0 Exception <a 'java/lang/NoSuchMethodError'{0x00000000c55a90c0}: 'java.lang.Object java.lang.invoke.DirectMethodHandle$Holder.newInvokeSpecial(java.lang.Object, long)'> (0x00000000c55a90c0) 
thrown [s\open\src\hotspot\share\interpreter\linkResolver.cpp, line 759]

VM Operations (20 events):
Event: 50.771 Executing VM operation: HandshakeAllThreads
Event: 50.771 Executing VM operation: HandshakeAllThreads done
Event: 50.772 Executing VM operation: HandshakeAllThreads
Event: 50.772 Executing VM operation: HandshakeAllThreads done
Event: 51.339 Executing VM operation: HandshakeAllThreads
Event: 51.339 Executing VM operation: HandshakeAllThreads done
Event: 51.345 Executing VM operation: HandshakeAllThreads
Event: 51.345 Executing VM operation: HandshakeAllThreads done
Event: 51.359 Executing VM operation: G1CollectForAllocation
Event: 51.367 Executing VM operation: G1CollectForAllocation done
Event: 52.368 Executing VM operation: Cleanup
Event: 52.371 Executing VM operation: Cleanup done
Event: 54.371 Executing VM operation: Cleanup
Event: 54.371 Executing VM operation: Cleanup done
Event: 57.372 Executing VM operation: Cleanup
Event: 57.373 Executing VM operation: Cleanup done
Event: 60.179 Executing VM operation: HandshakeAllThreads
Event: 60.179 Executing VM operation: HandshakeAllThreads done
Event: 70.202 Executing VM operation: Cleanup
Event: 70.211 Executing VM operation: Cleanup done

Events (20 events):
Event: 51.337 loading class java/lang/ProcessImpl$2
Event: 51.338 loading class java/lang/ProcessImpl$2 done
Event: 51.338 loading class java/lang/Process$PipeInputStream
Event: 51.338 loading class java/lang/Process$PipeInputStream done
Event: 51.339 loading class jdk/internal/event/ProcessStartEvent
Event: 51.341 loading class jdk/internal/event/ProcessStartEvent done
Event: 51.341 loading class java/nio/channels/ClosedChannelException
Event: 51.342 loading class java/nio/channels/ClosedChannelException done
Event: 51.345 loading class java/nio/channels/NonReadableChannelException
Event: 51.345 loading class java/nio/channels/NonReadableChannelException done
Event: 51.346 loading class java/nio/channels/NonWritableChannelException
Event: 51.346 loading class java/nio/channels/NonWritableChannelException done
Event: 51.359 Thread 0x000001a8723b05c0 Thread added: 0x000001a8723b05c0
Event: 51.359 Thread 0x000001a8723b2e40 Thread added: 0x000001a8723b2e40
Event: 51.368 loading class java/util/Scanner
Event: 51.371 loading class java/util/Scanner done
Event: 51.375 loading class java/util/Scanner$PatternLRUCache
Event: 51.375 loading class java/util/Scanner$PatternLRUCache done
Event: 51.377 Thread 0x000001a8723b0fe0 Thread added: 0x000001a8723b0fe0
Event: 67.208 Thread 0x000001a86d47f1e0 Thread exited: 0x000001a86d47f1e0


Dynamic libraries:
0x00007ff7d8cc0000 - 0x00007ff7d8cd0000 	C:\Program Files\Java\jdk-17\bin\java.exe
0x00007ff922690000 - 0x00007ff9228a7000 	C:\WINDOWS\SYSTEM32\ntdll.dll
0x00007ff920f10000 - 0x00007ff920fd4000 	C:\WINDOWS\System32\KERNEL32.DLL
0x00007ff91fd80000 - 0x00007ff920139000 	C:\WINDOWS\System32\KERNELBASE.dll
0x00007ff920170000 - 0x00007ff920281000 	C:\WINDOWS\System32\ucrtbase.dll
0x00007ff8fce00000 - 0x00007ff8fce1b000 	C:\Program Files\Java\jdk-17\bin\VCRUNTIME140.dll
0x00007ff8fce20000 - 0x00007ff8fce39000 	C:\Program Files\Java\jdk-17\bin\jli.dll
0x00007ff9209a0000 - 0x00007ff920a52000 	C:\WINDOWS\System32\ADVAPI32.dll
0x00007ff920ae0000 - 0x00007ff920b87000 	C:\WINDOWS\System32\msvcrt.dll
0x00007ff920fe0000 - 0x00007ff921087000 	C:\WINDOWS\System32\sechost.dll
0x00007ff920140000 - 0x00007ff920168000 	C:\WINDOWS\System32\bcrypt.dll
0x00007ff921a90000 - 0x00007ff921ba4000 	C:\WINDOWS\System32\RPCRT4.dll
0x00007ff920c60000 - 0x00007ff920e0e000 	C:\WINDOWS\System32\USER32.dll
0x00007ff91fb40000 - 0x00007ff91fb66000 	C:\WINDOWS\System32\win32u.dll
0x00007ff920ab0000 - 0x00007ff920ad9000 	C:\WINDOWS\System32\GDI32.dll
0x00007ff91f960000 - 0x00007ff91fa7b000 	C:\WINDOWS\System32\gdi32full.dll
0x00007ff91fce0000 - 0x00007ff91fd7a000 	C:\WINDOWS\System32\msvcp_win.dll
0x00007ff907860000 - 0x00007ff907af2000 	C:\WINDOWS\WinSxS\amd64_microsoft.windows.common-controls_6595b64144ccf1df_6.0.22621.4391_none_2715d37f73803e96\COMCTL32.dll
0x00007ff9189e0000 - 0x00007ff9189ea000 	C:\WINDOWS\SYSTEM32\VERSION.dll
0x00007ff8fcdf0000 - 0x00007ff8fcdfc000 	C:\Program Files\Java\jdk-17\bin\vcruntime140_1.dll
0x00007ff8fcd60000 - 0x00007ff8fcdee000 	C:\Program Files\Java\jdk-17\bin\msvcp140.dll
0x00007ff8fbc70000 - 0x00007ff8fc850000 	C:\Program Files\Java\jdk-17\bin\server\jvm.dll
0x00007ff920f00000 - 0x00007ff920f08000 	C:\WINDOWS\System32\PSAPI.DLL
0x00007ff919da0000 - 0x00007ff919dd4000 	C:\WINDOWS\SYSTEM32\WINMM.dll
0x00007ff905290000 - 0x00007ff905299000 	C:\WINDOWS\SYSTEM32\WSOCK32.dll
0x00007ff921a10000 - 0x00007ff921a81000 	C:\WINDOWS\System32\ws2_32.DLL
0x00007ff91e9a0000 - 0x00007ff91e9b8000 	C:\WINDOWS\SYSTEM32\kernel.appcore.dll
0x00007ff8fcd50000 - 0x00007ff8fcd5a000 	C:\Program Files\Java\jdk-17\bin\jimage.dll
0x00007ff919a90000 - 0x00007ff919cc2000 	C:\WINDOWS\SYSTEM32\DBGHELP.DLL
0x00007ff922290000 - 0x00007ff92261f000 	C:\WINDOWS\System32\combase.dll
0x00007ff921fd0000 - 0x00007ff9220a7000 	C:\WINDOWS\System32\OLEAUT32.dll
0x00007ff8fcd10000 - 0x00007ff8fcd42000 	C:\WINDOWS\SYSTEM32\dbgcore.DLL
0x00007ff920290000 - 0x00007ff92030b000 	C:\WINDOWS\System32\bcryptPrimitives.dll
0x00007ff8fcce0000 - 0x00007ff8fcd05000 	C:\Program Files\Java\jdk-17\bin\java.dll
0x00007ff8fcba0000 - 0x00007ff8fcc77000 	C:\Program Files\Java\jdk-17\bin\jsvml.dll
0x00007ff921190000 - 0x00007ff921a06000 	C:\WINDOWS\System32\SHELL32.dll
0x00007ff91d8a0000 - 0x00007ff91e1a3000 	C:\WINDOWS\SYSTEM32\windows.storage.dll
0x00007ff91d760000 - 0x00007ff91d89f000 	C:\WINDOWS\SYSTEM32\wintypes.dll
0x00007ff921ed0000 - 0x00007ff921fc9000 	C:\WINDOWS\System32\SHCORE.dll
0x00007ff920380000 - 0x00007ff9203de000 	C:\WINDOWS\System32\shlwapi.dll
0x00007ff91f890000 - 0x00007ff91f8bb000 	C:\WINDOWS\SYSTEM32\profapi.dll
0x00007ff8fb990000 - 0x00007ff8fb9a9000 	C:\Program Files\Java\jdk-17\bin\net.dll
0x00007ff918fd0000 - 0x00007ff919106000 	C:\WINDOWS\SYSTEM32\WINHTTP.dll
0x00007ff91ee20000 - 0x00007ff91ee89000 	C:\WINDOWS\system32\mswsock.dll
0x00007ff8fb970000 - 0x00007ff8fb986000 	C:\Program Files\Java\jdk-17\bin\nio.dll
0x00007ff8fb950000 - 0x00007ff8fb968000 	C:\Program Files\Java\jdk-17\bin\zip.dll
0x00007ff91e450000 - 0x00007ff91e47d000 	C:\WINDOWS\SYSTEM32\IPHLPAPI.DLL
0x00007ff920ef0000 - 0x00007ff920ef9000 	C:\WINDOWS\System32\NSI.dll
0x00007ff918fb0000 - 0x00007ff918fc9000 	C:\WINDOWS\SYSTEM32\dhcpcsvc6.DLL
0x00007ff918f90000 - 0x00007ff918faf000 	C:\WINDOWS\SYSTEM32\dhcpcsvc.DLL
0x00007ff91e480000 - 0x00007ff91e582000 	C:\WINDOWS\SYSTEM32\DNSAPI.dll
0x00007ff8eddb0000 - 0x00007ff8edf41000 	C:\Program Files\Java\jdk-17\bin\awt.dll
0x00007ff91c340000 - 0x00007ff91c3d7000 	C:\WINDOWS\SYSTEM32\apphelp.dll
0x00007ff8ef3f0000 - 0x00007ff8ef400000 	C:\Program Files\Java\jdk-17\bin\verify.dll
0x00007ff90cc10000 - 0x00007ff90cc34000 	C:\Windows\Temp\jansi-2.4.1-6c3d1eb134187231-jansi.dll
0x00007ff91f080000 - 0x00007ff91f09b000 	C:\WINDOWS\SYSTEM32\CRYPTSP.dll
0x00007ff91e900000 - 0x00007ff91e935000 	C:\WINDOWS\system32\rsaenh.dll
0x00007ff91f070000 - 0x00007ff91f07c000 	C:\WINDOWS\SYSTEM32\CRYPTBASE.dll

dbghelp: loaded successfully - version: 4.0.5 - missing functions: none
symbol engine: initialized successfully - sym options: 0x614 - pdb path: .;C:\Program Files\Java\jdk-17\bin;C:\WINDOWS\SYSTEM32;C:\WINDOWS\WinSxS\amd64_microsoft.windows.common-controls_6595b64144ccf1df_6.0.22621.4391_none_2715d37f73803e96;C:\Program Files\Java\jdk-17\bin\server;C:\Windows\Temp

VM Arguments:
java_command: jenkins.maven3.agent.Maven35Main C:\Program Files\apache-maven-3.9.9 C:\ProgramData\Jenkins\war\WEB-INF\lib\remoting-3261.v9c670a_4748a_9.jar C:\ProgramData\Jenkins\.jenkins\plugins\maven-plugin\WEB-INF\lib\maven35-interceptor-1.14.jar C:\ProgramData\Jenkins\.jenkins\plugins\maven-plugin\WEB-INF\lib\maven3-interceptor-commons-1.14.jar 60834
java_class_path (initial): C:\ProgramData\Jenkins\.jenkins\plugins\maven-plugin\WEB-INF\lib\maven35-agent-1.14.jar;C:\Program Files\apache-maven-3.9.9\boot\plexus-classworlds-2.8.0.jar;C:\Program Files\apache-maven-3.9.9/conf/logging
Launcher Type: SUN_STANDARD

[Global flags]
     intx CICompilerCount                          = 3                                         {product} {ergonomic}
     uint ConcGCThreads                            = 1                                         {product} {ergonomic}
     uint G1ConcRefinementThreads                  = 4                                         {product} {ergonomic}
   size_t G1HeapRegionSize                         = 1048576                                   {product} {ergonomic}
    uintx GCDrainStackTargetSize                   = 64                                        {product} {ergonomic}
   size_t InitialHeapSize                          = 65011712                                  {product} {ergonomic}
   size_t MarkStackSize                            = 4194304                                   {product} {ergonomic}
   size_t MaxHeapSize                              = 1021313024                                {product} {ergonomic}
   size_t MaxNewSize                               = 612368384                                 {product} {ergonomic}
   size_t MinHeapDeltaBytes                        = 1048576                                   {product} {ergonomic}
   size_t MinHeapSize                              = 8388608                                   {product} {ergonomic}
    uintx NonNMethodCodeHeapSize                   = 5832780                                {pd product} {ergonomic}
    uintx NonProfiledCodeHeapSize                  = 122912730                              {pd product} {ergonomic}
    uintx ProfiledCodeHeapSize                     = 122912730                              {pd product} {ergonomic}
    uintx ReservedCodeCacheSize                    = 251658240                              {pd product} {ergonomic}
     bool SegmentedCodeCache                       = true                                      {product} {ergonomic}
   size_t SoftMaxHeapSize                          = 1021313024                             {manageable} {ergonomic}
     bool UseCompressedClassPointers               = true                           {product lp64_product} {ergonomic}
     bool UseCompressedOops                        = true                           {product lp64_product} {ergonomic}
     bool UseG1GC                                  = true                                      {product} {ergonomic}
     bool UseLargePagesIndividualAllocation        = false                                  {pd product} {ergonomic}

Logging:
Log output configuration:
 #0: stdout all=warning uptime,level,tags
 #1: stderr all=off uptime,level,tags

Environment Variables:
JAVA_HOME=C:\Program Files\Java\jdk-17
PATH=C:\Program Files\apache-maven-3.9.9/bin;C:\Program Files\Java\jdk-17/bin;C:\Program Files\Java\jdk-17/bin;C:\WINDOWS\system32;C:\WINDOWS;C:\WINDOWS\System32\Wbem;C:\WINDOWS\System32\WindowsPowerShell\v1.0\;C:\WINDOWS\System32\OpenSSH\;C:\Program Files (x86)\HP\Common\HPDestPlgIn\;C:\Program Files (x86)\dotnet\;C:\Program Files\Java\jdk-17bin;C:\Program Files\Java\jdk-17\bin;C:\Program Files\Git\cmd;C:\WINDOWS\system32\config\systemprofile\AppData\Local\Microsoft\WindowsApps
USERNAME=LAPTOP-G5IT7DRE$
OS=Windows_NT
PROCESSOR_IDENTIFIER=Intel64 Family 6 Model 140 Stepping 1, GenuineIntel



---------------  S Y S T E M  ---------------

OS:
 Windows 11 , 64 bit Build 22621 (10.0.22621.4391)
OS uptime: 3 days 6:20 hours

CPU: total 4 (initial active 4) (2 cores per cpu, 2 threads per core) family 6 model 140 stepping 1 microcode 0x66, cx8, cmov, fxsr, ht, mmx, 3dnowpref, sse, sse2, sse3, ssse3, sse4.1, sse4.2, popcnt, lzcnt, tsc, tscinvbit, avx, avx2, aes, erms, clmul, bmi1, bmi2, adx, avx512f, avx512dq, avx512cd, avx512bw, avx512vl, sha, fma, vzeroupper, avx512_vpopcntdq, avx512_vpclmulqdq, avx512_vaes, avx512_vnni, clflush, clflushopt, clwb, avx512_vbmi2, avx512_vbmi

Memory: 4k page, system-wide physical 3895M (438M free)
TotalPageFile size 15671M (AvailPageFile size 4M)
current process WorkingSet (physical memory assigned to process): 11M, peak: 143M
current process commit charge ("private bytes"): 185M, peak: 214M

vm_info: Java HotSpot(TM) 64-Bit Server VM (17.0.12+8-LTS-286) for windows-amd64 JRE (17.0.12+8-LTS-286), built on Jun  5 2024 06:46:59 by "mach5one" with MS VC++ 17.6 (VS2022)

END.
